<?xml version="1.0" encoding="UTF-8" standalone="no"?><testsuite errors="8" failures="0" name="Request/Issue mDL" skipped="0" tests="8" time="0.01" timestamp="2025-07-28 04:33:52"><testcase name="Log in successfully"><error message="Cannot invoke &quot;org.openqa.selenium.support.ui.WebDriverWait.until(java.util.function.Function)&quot; because the return value of &quot;eu.europa.eudi.utils.factory.MobileWebDriverFactory.getWait()&quot; is null" type="java.lang.NullPointerException">Cannot invoke "org.openqa.selenium.support.ui.WebDriverWait.until(java.util.function.Function)" because the return value of "eu.europa.eudi.utils.factory.MobileWebDriverFactory.getWait()" is null</error><system-err>Cannot invoke "org.openqa.selenium.support.ui.WebDriverWait.until(java.util.function.Function)" because the return value of "eu.europa.eudi.utils.factory.MobileWebDriverFactory.getWait()" is null
eu.europa.eudi.pages.Wallet.checkIfPageIsTrue(Wallet.java:33)
eu.europa.eudi.stepdefs.GeneralStepDefs.setup(GeneralStepDefs.java:54)
</system-err></testcase><testcase name="Select document for issuance"><error message="Cannot invoke &quot;org.openqa.selenium.support.ui.WebDriverWait.until(java.util.function.Function)&quot; because the return value of &quot;eu.europa.eudi.utils.factory.MobileWebDriverFactory.getWait()&quot; is null" type="java.lang.NullPointerException">Cannot invoke "org.openqa.selenium.support.ui.WebDriverWait.until(java.util.function.Function)" because the return value of "eu.europa.eudi.utils.factory.MobileWebDriverFactory.getWait()" is null</error><system-err>Cannot invoke "org.openqa.selenium.support.ui.WebDriverWait.until(java.util.function.Function)" because the return value of "eu.europa.eudi.utils.factory.MobileWebDriverFactory.getWait()" is null
eu.europa.eudi.pages.Wallet.checkIfPageIsTrue(Wallet.java:33)
eu.europa.eudi.stepdefs.GeneralStepDefs.setup(GeneralStepDefs.java:54)
</system-err></testcase><testcase name="Country and credential provider selection"><error message="Cannot invoke &quot;org.openqa.selenium.support.ui.WebDriverWait.until(java.util.function.Function)&quot; because the return value of &quot;eu.europa.eudi.utils.factory.MobileWebDriverFactory.getWait()&quot; is null" type="java.lang.NullPointerException">Cannot invoke "org.openqa.selenium.support.ui.WebDriverWait.until(java.util.function.Function)" because the return value of "eu.europa.eudi.utils.factory.MobileWebDriverFactory.getWait()" is null</error><system-err>Cannot invoke "org.openqa.selenium.support.ui.WebDriverWait.until(java.util.function.Function)" because the return value of "eu.europa.eudi.utils.factory.MobileWebDriverFactory.getWait()" is null
eu.europa.eudi.pages.Wallet.checkIfPageIsTrue(Wallet.java:33)
eu.europa.eudi.stepdefs.GeneralStepDefs.setup(GeneralStepDefs.java:54)
</system-err></testcase><testcase name="Register personal data and view driving license"><error message="Cannot invoke &quot;org.openqa.selenium.support.ui.WebDriverWait.until(java.util.function.Function)&quot; because the return value of &quot;eu.europa.eudi.utils.factory.MobileWebDriverFactory.getWait()&quot; is null" type="java.lang.NullPointerException">Cannot invoke "org.openqa.selenium.support.ui.WebDriverWait.until(java.util.function.Function)" because the return value of "eu.europa.eudi.utils.factory.MobileWebDriverFactory.getWait()" is null</error><system-err>Cannot invoke "org.openqa.selenium.support.ui.WebDriverWait.until(java.util.function.Function)" because the return value of "eu.europa.eudi.utils.factory.MobileWebDriverFactory.getWait()" is null
eu.europa.eudi.pages.Wallet.checkIfPageIsTrue(Wallet.java:33)
eu.europa.eudi.stepdefs.GeneralStepDefs.setup(GeneralStepDefs.java:54)
</system-err></testcase><testcase name="Log in successfully"><error message="Cannot invoke &quot;org.openqa.selenium.support.ui.WebDriverWait.until(java.util.function.Function)&quot; because the return value of &quot;eu.europa.eudi.utils.factory.MobileWebDriverFactory.getWait()&quot; is null" type="java.lang.NullPointerException">Cannot invoke "org.openqa.selenium.support.ui.WebDriverWait.until(java.util.function.Function)" because the return value of "eu.europa.eudi.utils.factory.MobileWebDriverFactory.getWait()" is null</error><system-err>Cannot invoke "org.openqa.selenium.support.ui.WebDriverWait.until(java.util.function.Function)" because the return value of "eu.europa.eudi.utils.factory.MobileWebDriverFactory.getWait()" is null
eu.europa.eudi.pages.Wallet.checkIfPageIsTrue(Wallet.java:36)
eu.europa.eudi.stepdefs.GeneralStepDefs.setup(GeneralStepDefs.java:54)
</system-err></testcase><testcase name="Select document for issuance"><error message="Cannot invoke &quot;org.openqa.selenium.support.ui.WebDriverWait.until(java.util.function.Function)&quot; because the return value of &quot;eu.europa.eudi.utils.factory.MobileWebDriverFactory.getWait()&quot; is null" type="java.lang.NullPointerException">Cannot invoke "org.openqa.selenium.support.ui.WebDriverWait.until(java.util.function.Function)" because the return value of "eu.europa.eudi.utils.factory.MobileWebDriverFactory.getWait()" is null</error><system-err>Cannot invoke "org.openqa.selenium.support.ui.WebDriverWait.until(java.util.function.Function)" because the return value of "eu.europa.eudi.utils.factory.MobileWebDriverFactory.getWait()" is null
eu.europa.eudi.pages.Wallet.checkIfPageIsTrue(Wallet.java:36)
eu.europa.eudi.stepdefs.GeneralStepDefs.setup(GeneralStepDefs.java:54)
</system-err></testcase><testcase name="Country and credential provider selection"><error message="Cannot invoke &quot;org.openqa.selenium.support.ui.WebDriverWait.until(java.util.function.Function)&quot; because the return value of &quot;eu.europa.eudi.utils.factory.MobileWebDriverFactory.getWait()&quot; is null" type="java.lang.NullPointerException">Cannot invoke "org.openqa.selenium.support.ui.WebDriverWait.until(java.util.function.Function)" because the return value of "eu.europa.eudi.utils.factory.MobileWebDriverFactory.getWait()" is null</error><system-err>Cannot invoke "org.openqa.selenium.support.ui.WebDriverWait.until(java.util.function.Function)" because the return value of "eu.europa.eudi.utils.factory.MobileWebDriverFactory.getWait()" is null
eu.europa.eudi.pages.Wallet.checkIfPageIsTrue(Wallet.java:36)
eu.europa.eudi.stepdefs.GeneralStepDefs.setup(GeneralStepDefs.java:54)
</system-err></testcase><testcase name="Register personal data and view driving license"><error message="Cannot invoke &quot;org.openqa.selenium.support.ui.WebDriverWait.until(java.util.function.Function)&quot; because the return value of &quot;eu.europa.eudi.utils.factory.MobileWebDriverFactory.getWait()&quot; is null" type="java.lang.NullPointerException">Cannot invoke "org.openqa.selenium.support.ui.WebDriverWait.until(java.util.function.Function)" because the return value of "eu.europa.eudi.utils.factory.MobileWebDriverFactory.getWait()" is null</error><system-err>Cannot invoke "org.openqa.selenium.support.ui.WebDriverWait.until(java.util.function.Function)" because the return value of "eu.europa.eudi.utils.factory.MobileWebDriverFactory.getWait()" is null
eu.europa.eudi.pages.Wallet.checkIfPageIsTrue(Wallet.java:36)
eu.europa.eudi.stepdefs.GeneralStepDefs.setup(GeneralStepDefs.java:54)
</system-err></testcase></testsuite>