<?xml version="1.0" encoding="UTF-8" standalone="no"?><testsuite errors="0" failures="0" name="Presentation of Batch Issued Attestations to Relying Party on Separate Device" skipped="0" tests="22" time="224.39" timestamp="2025-07-28 04:01:17"><testcase name="Relying Party initiated presentation flow"/><testcase name="Successful authentication in the EUDI Wallet"/><testcase name="Unsuccessful authentication in the EUDI Wallet"/><testcase name="Scanning QR Code with the EUDI Wallet device"/><testcase name="Selection of attestation using Method A"/><testcase name="Selection of attestation using Method C"/><testcase name="No matching attestation available"/><testcase name="User consent for attestation presentation"/><testcase name="Unsuccessful consent authentication"/><testcase name="Presentation of attestation to Relying Party"/><testcase name="Confirmation of presentation outcome"/><testcase name="Relying Party initiated presentation flow"/><testcase name="Successful authentication in the EUDI Wallet"/><testcase name="Unsuccessful authentication in the EUDI Wallet"/><testcase name="Scanning QR Code with the EUDI Wallet device"/><testcase name="Selection of attestation using Method A"/><testcase name="Selection of attestation using Method C"/><testcase name="No matching attestation available"/><testcase name="User consent for attestation presentation"/><testcase name="Unsuccessful consent authentication"/><testcase name="Presentation of attestation to Relying Party"/><testcase name="Confirmation of presentation outcome"/></testsuite>