<?xml version="1.0" encoding="UTF-8" standalone="no"?><testsuite errors="0" failures="0" name="Presentation of Batch Issued Attestations in EUDI Wallet" skipped="0" tests="20" time="204.26" timestamp="2025-07-28 04:04:59"><testcase name="Relying Party initiated presentation flow"/><testcase name="Successful authentication in the EUDI Wallet"/><testcase name="Unsuccessful authentication in the EUDI Wallet"/><testcase name="Presentation of attestation request to the user"/><testcase name="Selection of attestation using Method A"/><testcase name="Selection of attestation using Method C"/><testcase name="No matching attestation available"/><testcase name="User consent for attestation presentation"/><testcase name="Unsuccessful consent authentication"/><testcase name="Presentation of attestation to Relying Party"/><testcase name="Relying Party initiated presentation flow"/><testcase name="Successful authentication in the EUDI Wallet"/><testcase name="Unsuccessful authentication in the EUDI Wallet"/><testcase name="Presentation of attestation request to the user"/><testcase name="Selection of attestation using Method A"/><testcase name="Selection of attestation using Method C"/><testcase name="No matching attestation available"/><testcase name="User consent for attestation presentation"/><testcase name="Unsuccessful consent authentication"/><testcase name="Presentation of attestation to Relying Party"/></testsuite>