<?xml version="1.0" encoding="UTF-8" standalone="no"?><testsuite errors="1" failures="0" name="View mDL document" skipped="0" tests="8" time="1014.66" timestamp="2025-07-24 03:23:46"><testcase name="User successfully logs in and sees the dashboard"/><testcase name="User opens the mDL document from the dashboard"><error message="Expected condition failed: waiting for visibility of element located by By.xpath: //android.widget.TextView[@text=&quot;Close&quot;] (tried for 140 second(s) with 500 milliseconds interval)&#10;Build info: version: '4.13.0', revision: 'ba948ece5b*'&#10;System info: os.name: 'Mac OS X', os.arch: 'aarch64', os.version: '15.5', java.version: '23.0.1'&#10;Driver info: io.appium.java_client.android.AndroidDriver&#10;Capabilities {appium:app: /Users/ftheofil/Documents/e..., appium:appActivity: eu.europa.ec.assemblylogic...., appium:appPackage: eu.europa.ec.euidi, appium:autoGrantPermissions: true, appium:automationName: UiAutomator2, appium:databaseEnabled: false, appium:desired: {app: /Users/ftheofil/Documents/e..., appActivity: eu.europa.ec.assemblylogic...., appPackage: eu.europa.ec.euidi, autoGrantPermissions: true, automationName: UiAutomator2, deviceName: POCO X5 Pro, disableWindowAnimation: true, enableLogcatLogging: true, fullReset: false, newCommandTimeout: 120, noReset: false, platformName: ANDROID, platformVersion: 12.0, skipUnlock: true, udid: 58d5b98}, appium:deviceApiLevel: 31, appium:deviceManufacturer: Xiaomi, appium:deviceModel: 22101320G, appium:deviceName: 58d5b98, appium:deviceScreenDensity: 440, appium:deviceScreenSize: 1080x2400, appium:deviceUDID: 58d5b98, appium:disableWindowAnimation: true, appium:enableLogcatLogging: true, appium:fullReset: false, appium:javascriptEnabled: true, appium:locationContextEnabled: false, appium:networkConnectionEnabled: true, appium:newCommandTimeout: 120, appium:noReset: false, appium:pixelRatio: 2.75, appium:platformVersion: 12, appium:skipUnlock: true, appium:statBarHeight: 94, appium:takesScreenshot: true, appium:udid: 58d5b98, appium:viewportRect: {height: 2082, left: 0, top: 94, width: 1080}, appium:warnings: {}, appium:webStorageEnabled: false, platformName: ANDROID}&#10;Session ID: 7bfdee02-c1d7-4a74-9899-7204cf776cd1" type="org.openqa.selenium.TimeoutException">Expected condition failed: waiting for visibility of element located by By.xpath: //android.widget.TextView[@text="Close"] (tried for 140 second(s) with 500 milliseconds interval)
Build info: version: '4.13.0', revision: 'ba948ece5b*'
System info: os.name: 'Mac OS X', os.arch: 'aarch64', os.version: '15.5', java.version: '23.0.1'
Driver info: io.appium.java_client.android.AndroidDriver
Capabilities {appium:app: /Users/ftheofil/Documents/e..., appium:appActivity: eu.europa.ec.assemblylogic...., appium:appPackage: eu.europa.ec.euidi, appium:autoGrantPermissions: true, appium:automationName: UiAutomator2, appium:databaseEnabled: false, appium:desired: {app: /Users/ftheofil/Documents/e..., appActivity: eu.europa.ec.assemblylogic...., appPackage: eu.europa.ec.euidi, autoGrantPermissions: true, automationName: UiAutomator2, deviceName: POCO X5 Pro, disableWindowAnimation: true, enableLogcatLogging: true, fullReset: false, newCommandTimeout: 120, noReset: false, platformName: ANDROID, platformVersion: 12.0, skipUnlock: true, udid: 58d5b98}, appium:deviceApiLevel: 31, appium:deviceManufacturer: Xiaomi, appium:deviceModel: 22101320G, appium:deviceName: 58d5b98, appium:deviceScreenDensity: 440, appium:deviceScreenSize: 1080x2400, appium:deviceUDID: 58d5b98, appium:disableWindowAnimation: true, appium:enableLogcatLogging: true, appium:fullReset: false, appium:javascriptEnabled: true, appium:locationContextEnabled: false, appium:networkConnectionEnabled: true, appium:newCommandTimeout: 120, appium:noReset: false, appium:pixelRatio: 2.75, appium:platformVersion: 12, appium:skipUnlock: true, appium:statBarHeight: 94, appium:takesScreenshot: true, appium:udid: 58d5b98, appium:viewportRect: {height: 2082, left: 0, top: 94, width: 1080}, appium:warnings: {}, appium:webStorageEnabled: false, platformName: ANDROID}
Session ID: 7bfdee02-c1d7-4a74-9899-7204cf776cd1</error><system-err>Expected condition failed: waiting for visibility of element located by By.xpath: //android.widget.TextView[@text="Close"] (tried for 140 second(s) with 500 milliseconds interval)
Build info: version: '4.13.0', revision: 'ba948ece5b*'
System info: os.name: 'Mac OS X', os.arch: 'aarch64', os.version: '15.5', java.version: '23.0.1'
Driver info: io.appium.java_client.android.AndroidDriver
Capabilities {appium:app: /Users/ftheofil/Documents/e..., appium:appActivity: eu.europa.ec.assemblylogic...., appium:appPackage: eu.europa.ec.euidi, appium:autoGrantPermissions: true, appium:automationName: UiAutomator2, appium:databaseEnabled: false, appium:desired: {app: /Users/ftheofil/Documents/e..., appActivity: eu.europa.ec.assemblylogic...., appPackage: eu.europa.ec.euidi, autoGrantPermissions: true, automationName: UiAutomator2, deviceName: POCO X5 Pro, disableWindowAnimation: true, enableLogcatLogging: true, fullReset: false, newCommandTimeout: 120, noReset: false, platformName: ANDROID, platformVersion: 12.0, skipUnlock: true, udid: 58d5b98}, appium:deviceApiLevel: 31, appium:deviceManufacturer: Xiaomi, appium:deviceModel: 22101320G, appium:deviceName: 58d5b98, appium:deviceScreenDensity: 440, appium:deviceScreenSize: 1080x2400, appium:deviceUDID: 58d5b98, appium:disableWindowAnimation: true, appium:enableLogcatLogging: true, appium:fullReset: false, appium:javascriptEnabled: true, appium:locationContextEnabled: false, appium:networkConnectionEnabled: true, appium:newCommandTimeout: 120, appium:noReset: false, appium:pixelRatio: 2.75, appium:platformVersion: 12, appium:skipUnlock: true, appium:statBarHeight: 94, appium:takesScreenshot: true, appium:udid: 58d5b98, appium:viewportRect: {height: 2082, left: 0, top: 94, width: 1080}, appium:warnings: {}, appium:webStorageEnabled: false, platformName: ANDROID}
Session ID: 7bfdee02-c1d7-4a74-9899-7204cf776cd1
eu.europa.eudi.pages.Wallet.clickDone(Wallet.java:780)
eu.europa.eudi.stepdefs.GeneralStepDefs.setup(GeneralStepDefs.java:119)
</system-err></testcase><testcase name="Viewing attestation details after selecting the 'eye' icon"/><testcase name="User closes the mDL document and returns to the dashboard"/><testcase name="User successfully logs in and sees the dashboard"/><testcase name="User opens the mDL document from the dashboard"/><testcase name="Viewing attestation details after selecting the 'eye' icon"/><testcase name="User closes the mDL document and returns to the dashboard"/></testsuite>