<?xml version="1.0" encoding="UTF-8" standalone="no"?><testsuite errors="0" failures="0" name="Batch Issuance of Attestations in EUDI Wallet" skipped="0" tests="32" time="339.72" timestamp="2025-07-28 03:55:41"><testcase name="User visits issuer service on a different device"/><testcase name="User opens Wallet and authenticates successfully"/><testcase name="Wallet scans QR code and receives attestation offer"/><testcase name="Wallet requests confirmation to proceed"/><testcase name="User visits issuer on same device"/><testcase name="User authenticates successfully in Wallet on same device"/><testcase name="Wallet receives offer and prompts confirmation"/><testcase name="Attestations stored based on issuer's smaller batch size"/><testcase name="Successful authentication in the Wallet"/><testcase name="Unsuccessful authentication in the Wallet"/><testcase name="Request issuance of an attestation type"/><testcase name="Redirection issue to the issuer service"/><testcase name="Successful authentication and consent in the Issuer service"/><testcase name="Attestations stored based on issuer's smaller batch size"/><testcase name="Successful issuance and storage of attestations"/><testcase name="Error during attestation issuance"/><testcase name="User visits issuer service on a different device"/><testcase name="User opens Wallet and authenticates successfully"/><testcase name="Wallet scans QR code and receives attestation offer"/><testcase name="Wallet requests confirmation to proceed"/><testcase name="User visits issuer on same device"/><testcase name="User authenticates successfully in Wallet on same device"/><testcase name="Wallet receives offer and prompts confirmation"/><testcase name="Attestations stored based on issuer's smaller batch size"/><testcase name="Successful authentication in the Wallet"/><testcase name="Unsuccessful authentication in the Wallet"/><testcase name="Request issuance of an attestation type"/><testcase name="Redirection issue to the issuer service"/><testcase name="Successful authentication and consent in the Issuer service"/><testcase name="Attestations stored based on issuer's smaller batch size"/><testcase name="Successful issuance and storage of attestations"/><testcase name="Error during attestation issuance"/></testsuite>