<?xml version="1.0" encoding="UTF-8" standalone="no"?><testsuite errors="8" failures="0" name="Issuance and presentation - mDL" skipped="0" tests="8" time="1637.13" timestamp="2026-05-06 11:53:53"><testcase name="Successful credential issuance and presentation with selective disclosure - Kotlin Issuer - mDL"><error message="Expected condition failed: waiting for element found by By.xpath: //XCUIElementTypeStaticText[@name='mDL (MSO Mdoc)']/preceding-sibling::XCUIElementTypeSwitch[1] to be clickable, but the element was not found: org.openqa.selenium.NoSuchElementException: An element could not be located on the page using the given search parameters..&#10;(tried for 110 seconds with 500 milliseconds interval)&#10;Build info: version: '4.40.0', revision: 'b3333f1'&#10;System info: os.name: 'Mac OS X', os.arch: 'aarch64', os.version: '15.7.5', java.version: '25.0.2'&#10;Driver info: io.appium.java_client.ios.IOSDriver&#10;Capabilities {appium:autoAcceptAlerts: true, appium:automationName: XCUITest, appium:bootstrapPath: /usr/local/.browserstack/co..., appium:browserstack.appiumLogs: false, appium:browserstack.debug: true, appium:browserstack.deviceLogs: true, appium:browserstack.interactiveDebugging: true, appium:browserstack.isTargetBased: true, appium:browserstack.video: true, appium:bundleID: eu.europa.ec.euidi.dev, appium:bundleId: eu.europa.ec.euidi.dev, appium:databaseEnabled: false, appium:deviceName: iPhone 15 Pro, appium:deviceOrientation: PORTRAIT, appium:feature_name: issuanceAndPresentationScen..., appium:includeSafariInWebviews: true, appium:javascriptEnabled: true, appium:keychainPassword: [REDACTED VALUE], appium:keychainPath: [REDACTED VALUE], appium:locationContextEnabled: false, appium:name: issuanceAndPresentationScen..., appium:networkConnectionEnabled: false, appium:newCommandTimeout: 0, appium:noReset: true, appium:orientation: PORTRAIT, appium:realMobile: true, appium:safariIgnoreFraudWarning: true, appium:safariInitialUrl: http://mobile-internet-chec..., appium:sessionName: issuanceAndPresentationScen..., appium:takesScreenshot: true, appium:udid: 00008130-000164310253803A, appium:useXctestrunFile: true, appium:waitForQuiescence: true, appium:wdaStartupRetries: 3, appium:webStorageEnabled: false, appium:webkitResponseTimeout: 20000, platformName: IOS}&#10;Session ID: 2cede237bc27156e589c2f92754ce666876f5c62&#10;Build info: version: '4.40.0', revision: 'b3333f1'&#10;System info: os.name: 'Mac OS X', os.arch: 'aarch64', os.version: '15.7.5', java.version: '25.0.2'&#10;Driver info: driver.version: unknown" type="org.openqa.selenium.TimeoutException">Expected condition failed: waiting for element found by By.xpath: //XCUIElementTypeStaticText[@name='mDL (MSO Mdoc)']/preceding-sibling::XCUIElementTypeSwitch[1] to be clickable, but the element was not found: org.openqa.selenium.NoSuchElementException: An element could not be located on the page using the given search parameters..
(tried for 110 seconds with 500 milliseconds interval)
Build info: version: '4.40.0', revision: 'b3333f1'
System info: os.name: 'Mac OS X', os.arch: 'aarch64', os.version: '15.7.5', java.version: '25.0.2'
Driver info: io.appium.java_client.ios.IOSDriver
Capabilities {appium:autoAcceptAlerts: true, appium:automationName: XCUITest, appium:bootstrapPath: /usr/local/.browserstack/co..., appium:browserstack.appiumLogs: false, appium:browserstack.debug: true, appium:browserstack.deviceLogs: true, appium:browserstack.interactiveDebugging: true, appium:browserstack.isTargetBased: true, appium:browserstack.video: true, appium:bundleID: eu.europa.ec.euidi.dev, appium:bundleId: eu.europa.ec.euidi.dev, appium:databaseEnabled: false, appium:deviceName: iPhone 15 Pro, appium:deviceOrientation: PORTRAIT, appium:feature_name: issuanceAndPresentationScen..., appium:includeSafariInWebviews: true, appium:javascriptEnabled: true, appium:keychainPassword: [REDACTED VALUE], appium:keychainPath: [REDACTED VALUE], appium:locationContextEnabled: false, appium:name: issuanceAndPresentationScen..., appium:networkConnectionEnabled: false, appium:newCommandTimeout: 0, appium:noReset: true, appium:orientation: PORTRAIT, appium:realMobile: true, appium:safariIgnoreFraudWarning: true, appium:safariInitialUrl: http://mobile-internet-chec..., appium:sessionName: issuanceAndPresentationScen..., appium:takesScreenshot: true, appium:udid: 00008130-000164310253803A, appium:useXctestrunFile: true, appium:waitForQuiescence: true, appium:wdaStartupRetries: 3, appium:webStorageEnabled: false, appium:webkitResponseTimeout: 20000, platformName: IOS}
Session ID: 2cede237bc27156e589c2f92754ce666876f5c62
Build info: version: '4.40.0', revision: 'b3333f1'
System info: os.name: 'Mac OS X', os.arch: 'aarch64', os.version: '15.7.5', java.version: '25.0.2'
Driver info: driver.version: unknown</error><system-err>Expected condition failed: waiting for element found by By.xpath: //XCUIElementTypeStaticText[@name='mDL (MSO Mdoc)']/preceding-sibling::XCUIElementTypeSwitch[1] to be clickable, but the element was not found: org.openqa.selenium.NoSuchElementException: An element could not be located on the page using the given search parameters..
(tried for 110 seconds with 500 milliseconds interval)
Build info: version: '4.40.0', revision: 'b3333f1'
System info: os.name: 'Mac OS X', os.arch: 'aarch64', os.version: '15.7.5', java.version: '25.0.2'
Driver info: io.appium.java_client.ios.IOSDriver
Capabilities {appium:autoAcceptAlerts: true, appium:automationName: XCUITest, appium:bootstrapPath: /usr/local/.browserstack/co..., appium:browserstack.appiumLogs: false, appium:browserstack.debug: true, appium:browserstack.deviceLogs: true, appium:browserstack.interactiveDebugging: true, appium:browserstack.isTargetBased: true, appium:browserstack.video: true, appium:bundleID: eu.europa.ec.euidi.dev, appium:bundleId: eu.europa.ec.euidi.dev, appium:databaseEnabled: false, appium:deviceName: iPhone 15 Pro, appium:deviceOrientation: PORTRAIT, appium:feature_name: issuanceAndPresentationScen..., appium:includeSafariInWebviews: true, appium:javascriptEnabled: true, appium:keychainPassword: [REDACTED VALUE], appium:keychainPath: [REDACTED VALUE], appium:locationContextEnabled: false, appium:name: issuanceAndPresentationScen..., appium:networkConnectionEnabled: false, appium:newCommandTimeout: 0, appium:noReset: true, appium:orientation: PORTRAIT, appium:realMobile: true, appium:safariIgnoreFraudWarning: true, appium:safariInitialUrl: http://mobile-internet-chec..., appium:sessionName: issuanceAndPresentationScen..., appium:takesScreenshot: true, appium:udid: 00008130-000164310253803A, appium:useXctestrunFile: true, appium:waitForQuiescence: true, appium:wdaStartupRetries: 3, appium:webStorageEnabled: false, appium:webkitResponseTimeout: 20000, platformName: IOS}
Session ID: 2cede237bc27156e589c2f92754ce666876f5c62
Build info: version: '4.40.0', revision: 'b3333f1'
System info: os.name: 'Mac OS X', os.arch: 'aarch64', os.version: '15.7.5', java.version: '25.0.2'
Driver info: driver.version: unknown
eu.europa.eudi.pages.Issuer.selectMDLKotlin(Issuer.java:2863)
eu.europa.eudi.stepdefs.AutomatedStepDefs.theIssuanceMethodIs(AutomatedStepDefs.java:1964)
✽.the issuance method is credential offer(file:///Users/athgo/IdeaProjects/eudi-doc-testing-application/src/test/resources/features/ios/regressionTests/Automated_Regression_Tests/MDL_MSO_Mdoc/issuanceAndPresentationScenariosMdl.feature:31)
</system-err></testcase></testsuite>