<?xml version="1.0" encoding="UTF-8" standalone="no"?><testsuite errors="0" failures="0" name="Issuance and presentation - Proximity case" skipped="0" tests="20" time="487.69" timestamp="2026-05-20 11:49:23"><testcase name="Successful credential issuance and presentation with selective disclosure - Python Issuer"/><testcase name="Successful credential issuance and presentation with selective disclosure - Kotlin Issuer"/><testcase name="Successful credential issuance and presentation with selective disclosure - Python Issuer"/><testcase name="Successful credential issuance and presentation with selective disclosure - Kotlin Issuer"/></testsuite>