<?xml version="1.0" encoding="UTF-8" standalone="no"?><testsuite errors="0" failures="0" name="PID-07 Issuing mdoc and sd-jwt PID together at once" skipped="0" tests="12" time="320.71" timestamp="2026-05-20 11:41:02"><testcase name="PID Request in UI"/><testcase name="Successful Dual Format Generation"/><testcase name="Secure Delivery of Both Formats"/><testcase name="Wallet Storage and Display"/><testcase name="Automatic Format Selection by Wallet"/><testcase name="Error Handling for Generation Failure"/><testcase name="PID Request in UI"/><testcase name="Successful Dual Format Generation"/><testcase name="Secure Delivery of Both Formats"/><testcase name="Wallet Storage and Display"/><testcase name="Automatic Format Selection by Wallet"/><testcase name="Error Handling for Generation Failure"/></testsuite>