<?xml version="1.0" encoding="UTF-8" standalone="no"?><testsuite errors="0" failures="0" name="User Authentication and Re-Issuance of PIDs/Attestations" skipped="0" tests="12" time="396.93" timestamp="2026-05-20 11:44:33"><testcase name="Successful authentication"/><testcase name="Unsuccessful authentication"/><testcase name="User initiates re-issuance from an existing PID or attestation"/><testcase name="Wallet requests re-issuance to the same issuer for same document type"/><testcase name="Existing PID or attestation is replaced by the re-issued one"/><testcase name="Re-issuance in batch when the original issuance was in batch"/><testcase name="Successful authentication"/><testcase name="Unsuccessful authentication"/><testcase name="User initiates re-issuance from an existing PID or attestation"/><testcase name="Wallet requests re-issuance to the same issuer for same document type"/><testcase name="Existing PID or attestation is replaced by the re-issued one"/><testcase name="Re-issuance in batch when the original issuance was in batch"/></testsuite>