<?xml version="1.0" encoding="UTF-8" standalone="no"?><testsuite errors="0" failures="0" name="Support PDA1 Attestation in EUDI Wallet" skipped="0" tests="8" time="0.07" timestamp="2025-05-16 12:05:02"><testcase name="Issue PDA1 attestation in wallet-initiated flow"/><testcase name="Issue PDA1 attestation in issuer-initiated flow"/><testcase name="View PDA1 attestation details in 'Documents' screen"/><testcase name="Present PDA1 attestation in remote scenarios"/><testcase name="Issue PDA1 attestation in wallet-initiated flow"/><testcase name="Issue PDA1 attestation in issuer-initiated flow"/><testcase name="View PDA1 attestation details in 'Documents' screen"/><testcase name="Present PDA1 attestation in remote scenarios"/></testsuite>