<?xml version="1.0" encoding="UTF-8" standalone="no"?><testsuite errors="0" failures="0" name="List Transactions in EUDI Wallet" skipped="2" tests="28" time="0.57" timestamp="2025-05-16 12:05:03"><testcase name="Transactions button in bottom navigation bar"/><testcase name="Transactions screen includes a Search bar"/><testcase name="Transactions screen includes an Export button"><skipped/></testcase><testcase name="Transactions screen includes a Filter/Sort button"/><testcase name="Transactions screen lists transactions grouped by period"/><testcase name="Transaction entry details"/><testcase name="User views transaction entry details"/><testcase name="Transactions button in bottom navigation bar"/><testcase name="Transactions screen includes a Search bar"/><testcase name="Transactions screen includes an Export button"><skipped/></testcase><testcase name="Transactions screen includes a Filter/Sort button"/><testcase name="Transactions screen lists transactions grouped by period"/><testcase name="Transaction entry details"/><testcase name="User views transaction entry details"/></testsuite>