<?xml version="1.0" encoding="UTF-8" standalone="no"?><testsuite errors="0" failures="0" name="Check and update on presentation request the requested attestations revocation status" skipped="0" tests="4" time="0.72" timestamp="2025-05-16 12:05:01"><testcase name="Check revocation status on presentation request"/><testcase name="Attestation is revoked by the issuer"/><testcase name="Check revocation status on presentation request"/><testcase name="Attestation is revoked by the issuer during presentation request"/></testsuite>