<?xml version="1.0" encoding="UTF-8" standalone="no"?><testsuite errors="0" failures="0" name="Support the latest version of PID in EUDI Wallet" skipped="0" tests="10" time="0.08" timestamp="2025-05-16 12:05:04"><testcase name="Issue PID in wallet-initiated flow"/><testcase name="Issue PID in issuer-initiated flow"/><testcase name="View PID details in 'Documents' screen"/><testcase name="Present PID in remote scenarios"/><testcase name="Present PID in proximity scenarios"/><testcase name="Issue PID in wallet-initiated flow"/><testcase name="Issue PID in issuer-initiated flow"/><testcase name="View PID details in 'Documents' screen"/><testcase name="Present PID in remote scenarios"/><testcase name="Present PID in proximity scenarios"/></testsuite>