<?xml version="1.0" encoding="UTF-8" standalone="no"?><testsuite errors="0" failures="0" name="Filter and Sort Transactions in EUDI Wallet" skipped="6" tests="20" time="0.29" timestamp="2025-05-16 12:05:02"><testcase name="Initial state of filter/sort option"/><testcase name="Display filter and sort bottom sheet"/><testcase name="Sort transactions"/><testcase name="Filter transactions by date period"/><testcase name="Filter transactions by status"/><testcase name="Filter transactions by relying party"/><testcase name="Filter transactions by transaction type"/><testcase name="Reset filter and sort options"/><testcase name="Apply filter and sort options"/><testcase name="No matching transactions found"/><testcase name="Initial state of filter/sort option"/><testcase name="Display filter and sort bottom sheet"><skipped/></testcase><testcase name="Sort transactions"><skipped/></testcase><testcase name="Filter transactions by date period"><skipped/></testcase><testcase name="Filter transactions by status"><skipped/></testcase><testcase name="Filter transactions by relying party"><skipped/></testcase><testcase name="Filter transactions by transaction type"><skipped/></testcase><testcase name="Reset filter and sort options"/><testcase name="Apply filter and sort options"/><testcase name="No matching transactions found"/></testsuite>