<?xml version="1.0" encoding="UTF-8" standalone="no"?><testsuite errors="0" failures="0" name="View Transaction in EUDI Wallet" skipped="16" tests="20" time="0.44" timestamp="2025-05-16 12:05:04"><testcase name="User navigates to the Transactions screen"/><testcase name="User views attestation presentation transaction details"><skipped/></testcase><testcase name="User requests to delete transaction data"><skipped/></testcase><testcase name="User reports suspicious operations"><skipped/></testcase><testcase name="User returns to Transactions screen"/><testcase name="User navigates to the Transactions screen"/><testcase name="User views attestation presentation transaction details"><skipped/></testcase><testcase name="User requests to delete transaction data"><skipped/></testcase><testcase name="User reports suspicious operations"><skipped/></testcase><testcase name="User returns to Transactions screen"/></testsuite>