<?xml version="1.0" encoding="UTF-8" standalone="no"?><testsuite errors="0" failures="0" name="Transaction Search in EUDI Wallet" skipped="6" tests="22" time="0.42" timestamp="2025-05-16 12:05:03"><testcase name="Initial state of the Transactions screen"/><testcase name="Transaction screen display features"/><testcase name="User types text in the search field"/><testcase name="User edits previous search text"/><testcase name="User taps on the &quot;Clear&quot; trailing icon button"/><testcase name="User taps on the &quot;Search&quot; button with search text"><skipped/></testcase><testcase name="Initial state of the Transactions screen"/><testcase name="Transaction screen display features"/><testcase name="User types text in the search field"/><testcase name="User edits previous search text"/><testcase name="User taps on the &quot;Clear&quot; trailing icon button"/><testcase name="User taps on the &quot;Search&quot; button with search text"><skipped/></testcase></testsuite>