<?xml version="1.0" encoding="UTF-8" standalone="no"?><testsuite errors="0" failures="0" name="Support EHIC Attestation in EUDI Wallet" skipped="0" tests="8" time="0.08" timestamp="2025-05-16 12:05:02"><testcase name="Issue EHIC attestation in wallet-initiated flow"/><testcase name="Issue EHIC attestation in issuer-initiated flow"/><testcase name="View EHIC attestation details in Documents screen"/><testcase name="Present EHIC attestation in remote scenarios"/><testcase name="Issue EHIC attestation in wallet-initiated flow"/><testcase name="Issue EHIC attestation in issuer-initiated flow"/><testcase name="View EHIC attestation details in Documents screen"/><testcase name="Present EHIC attestation in remote scenarios"/></testsuite>