<?xml version="1.0" encoding="UTF-8" standalone="no"?><testsuite errors="0" failures="0" name="Check and update periodically all attestations revocation status" skipped="0" tests="10" time="0.22" timestamp="2025-05-16 12:05:01"><testcase name="Revocation status check on wallet open"/><testcase name="Attestation is revoked by the issuer"/><testcase name="Visual indication of revoked attestation in Documents screen"/><testcase name="Visual indication of revoked attestation in View document screen"/><testcase name="Handling revoked attestation in Filter and Sort"/><testcase name="Revocation status check on wallet open"/><testcase name="Attestation is revoked by the issuer"/><testcase name="Visual indication of revoked attestation in Documents screen"/><testcase name="Visual indication of revoked attestation in View document screen"/><testcase name="Handling revoked attestation in Filter and Sort"/></testsuite>