<?xml version="1.0" encoding="UTF-8" standalone="no"?><testsuite errors="0" failures="0" name="Display of RP's registered details on the Consent Screen" skipped="0" tests="14" time="244.75" timestamp="2026-08-28 08:30:54"><testcase name="Successful display of RP details and completion of the presentation flow"/><testcase name="User consents and completes the presentation successfully"/><testcase name="User-friendly description of the RP's intended use is displayed"/><testcase name="Warning indicator is retained when WRPRC validation fails and the user chooses to proceed"/><testcase name="Warning indicator is retained when WRPRC validation fails due to revoked certificate"/><testcase name="User reviews information and consents to share selected attributes"/><testcase name="User authenticates successfully with PIN after giving consent"/><testcase name="Successful display of RP details and completion of the presentation flow"/><testcase name="User consents and completes the presentation successfully"/><testcase name="User-friendly description of the RP's intended use is displayed"/><testcase name="Warning indicator is retained when WRPRC validation fails and the user chooses to proceed"/><testcase name="Warning indicator is retained when WRPRC validation fails due to revoked certificate"/><testcase name="User reviews information and consents to share selected attributes"/><testcase name="User authenticates successfully with PIN after giving consent"/></testsuite>