<?xml version="1.0" encoding="UTF-8" standalone="no"?><testsuite errors="0" failures="0" name="Warning for presentation requests that exceed RP's registered scope" skipped="0" tests="18" time="315.35" timestamp="2026-08-28 08:28:17"><testcase name="User initiates presentation of attestations from the RP service"/><testcase name="No warning is shown when all requested attributes are covered by the WRPRC"/><testcase name="Warning is displayed when requested attributes are not covered by the WRPRC"/><testcase name="Consent screen visually distinguishes registered from unregistered attributes"/><testcase name="User cancels the presentation after seeing the warning"/><testcase name="Silence or pre-ticked boxes are not accepted as approval to proceed"/><testcase name="User reviews the Data Sharing/Approval screen and consents to share selected attributes"/><testcase name="User authenticates successfully with PIN/biometrics after giving consent"/><testcase name="Confirmation of successful presentation is displayed"/><testcase name="User initiates presentation of attestations from the RP service"/><testcase name="No warning is shown when all requested attributes are covered by the WRPRC"/><testcase name="Warning is displayed when requested attributes are not covered by the WRPRC"/><testcase name="Consent screen visually distinguishes registered from unregistered attributes"/><testcase name="User cancels the presentation after seeing the warning"/><testcase name="Silence or pre-ticked boxes are not accepted as approval to proceed"/><testcase name="User reviews the Data Sharing/Approval screen and consents to share selected attributes"/><testcase name="User authenticates successfully with PIN/biometrics after giving consent"/><testcase name="Confirmation of successful presentation is displayed"/></testsuite>