<?xml version="1.0" encoding="UTF-8" standalone="no"?><testsuite errors="0" failures="1" name="Retrieval and display of the interacting party's identity from the Access Certificate" skipped="0" tests="8" time="139.92" timestamp="2026-08-28 08:32:56"><testcase name="Consent screen displays the RP's trade name and service trade name"/><testcase name="Intermediary's trade name is not disclosed to the user during the transaction"/><testcase name="Intermediary's trade name is recorded in the transaction log"/><testcase name="Issuance approval screen displays the identity of the Provider"/><testcase name="Consent screen displays the RP's trade name and service trade name"/><testcase name="Intermediary's trade name is not disclosed to the user during the transaction"/><testcase name="Intermediary's trade name is recorded in the transaction log"><failure/></testcase><testcase name="Issuance approval screen displays the identity of the Provider"/></testsuite>