<?xml version="1.0" encoding="UTF-8" standalone="no"?><testsuite errors="0" failures="0" name="Warning when the provider's registration certificate cannot be validated" skipped="0" tests="6" time="102.26" timestamp="2026-08-28 08:27:26"><testcase name="User requests to add a document and is redirected to the provider's service"/><testcase name="Issuance approval screen is not displayed when WRPRC validation fails"/><testcase name="User cancels from the blocker and returns to the issuance initiation request page"/><testcase name="User requests to add a document and is redirected to the provider's service"/><testcase name="Issuance approval screen is not displayed when WRPRC validation fails"/><testcase name="User cancels from the blocker and returns to the issuance initiation request page"/></testsuite>