<?xml version="1.0" encoding="UTF-8" standalone="no"?><testsuite errors="1" failures="0" name="Issuance and presentation - PID (MSO Mdoc)" skipped="0" tests="12" time="4447.93" timestamp="2026-07-30 11:47:45"><testcase name="Successful credential issuance and presentation with selective disclosure - Python Issuer - PID (MSO Mdoc)"/><testcase name="Successful credential issuance and presentation with selective disclosure - Kotlin Issuer - PID (MSO Mdoc)"><error message="An unknown server-side error occurred while processing the command. Original error: Could not proxy command to the remote server. Original error: socket hang up&#10;Build info: version: '4.40.0', revision: 'b3333f1'&#10;System info: os.name: 'Mac OS X', os.arch: 'aarch64', os.version: '26.4', java.version: '17'&#10;Driver info: io.appium.java_client.ios.IOSDriver&#10;Command: [bb68be3189073a11a27f68136d5f9abb3937f560, executeScript {args=[{appId=eu.europa.ec.euidi, bundleId=eu.europa.ec.euidi}], script=mobile: terminateApp}]&#10;Capabilities {appium:autoAcceptAlerts: true, appium:automationName: XCUITest, appium:bootstrapPath: /usr/local/.browserstack/co..., appium:browserstack.appiumLogs: false, appium:browserstack.debug: true, appium:browserstack.deviceLogs: true, appium:browserstack.interactiveDebugging: true, appium:browserstack.isTargetBased: true, appium:browserstack.video: true, appium:bundleID: eu.europa.ec.euidi, appium:bundleId: eu.europa.ec.euidi, appium:databaseEnabled: false, appium:deviceName: iPhone 15, appium:deviceOrientation: PORTRAIT, appium:feature_name: issuanceAndPresentationScen..., appium:includeSafariInWebviews: true, appium:javascriptEnabled: true, appium:keychainPassword: [REDACTED VALUE], appium:keychainPath: [REDACTED VALUE], appium:locationContextEnabled: false, appium:name: issuanceAndPresentationScen..., appium:networkConnectionEnabled: false, appium:newCommandTimeout: 0, appium:noReset: true, appium:orientation: PORTRAIT, appium:realMobile: true, appium:safariIgnoreFraudWarning: true, appium:safariInitialUrl: http://mobile-internet-chec..., appium:sessionName: issuanceAndPresentationScen..., appium:takesScreenshot: true, appium:udid: 00008120-001C08123622201E, appium:useXctestrunFile: true, appium:waitForQuiescence: true, appium:wdaStartupRetries: 3, appium:webStorageEnabled: false, appium:webkitResponseTimeout: 20000, platformName: IOS}&#10;Session ID: bb68be3189073a11a27f68136d5f9abb3937f560&#10;Build info: version: '4.40.0', revision: 'b3333f1'&#10;System info: os.name: 'Mac OS X', os.arch: 'aarch64', os.version: '26.4', java.version: '17'&#10;Driver info: driver.version: AppiumDriver" type="org.openqa.selenium.WebDriverException">An unknown server-side error occurred while processing the command. Original error: Could not proxy command to the remote server. Original error: socket hang up
Build info: version: '4.40.0', revision: 'b3333f1'
System info: os.name: 'Mac OS X', os.arch: 'aarch64', os.version: '26.4', java.version: '17'
Driver info: io.appium.java_client.ios.IOSDriver
Command: [bb68be3189073a11a27f68136d5f9abb3937f560, executeScript {args=[{appId=eu.europa.ec.euidi, bundleId=eu.europa.ec.euidi}], script=mobile: terminateApp}]
Capabilities {appium:autoAcceptAlerts: true, appium:automationName: XCUITest, appium:bootstrapPath: /usr/local/.browserstack/co..., appium:browserstack.appiumLogs: false, appium:browserstack.debug: true, appium:browserstack.deviceLogs: true, appium:browserstack.interactiveDebugging: true, appium:browserstack.isTargetBased: true, appium:browserstack.video: true, appium:bundleID: eu.europa.ec.euidi, appium:bundleId: eu.europa.ec.euidi, appium:databaseEnabled: false, appium:deviceName: iPhone 15, appium:deviceOrientation: PORTRAIT, appium:feature_name: issuanceAndPresentationScen..., appium:includeSafariInWebviews: true, appium:javascriptEnabled: true, appium:keychainPassword: [REDACTED VALUE], appium:keychainPath: [REDACTED VALUE], appium:locationContextEnabled: false, appium:name: issuanceAndPresentationScen..., appium:networkConnectionEnabled: false, appium:newCommandTimeout: 0, appium:noReset: true, appium:orientation: PORTRAIT, appium:realMobile: true, appium:safariIgnoreFraudWarning: true, appium:safariInitialUrl: http://mobile-internet-chec..., appium:sessionName: issuanceAndPresentationScen..., appium:takesScreenshot: true, appium:udid: 00008120-001C08123622201E, appium:useXctestrunFile: true, appium:waitForQuiescence: true, appium:wdaStartupRetries: 3, appium:webStorageEnabled: false, appium:webkitResponseTimeout: 20000, platformName: IOS}
Session ID: bb68be3189073a11a27f68136d5f9abb3937f560
Build info: version: '4.40.0', revision: 'b3333f1'
System info: os.name: 'Mac OS X', os.arch: 'aarch64', os.version: '26.4', java.version: '17'
Driver info: driver.version: AppiumDriver</error><system-err>An unknown server-side error occurred while processing the command. Original error: Could not proxy command to the remote server. Original error: socket hang up
Build info: version: '4.40.0', revision: 'b3333f1'
System info: os.name: 'Mac OS X', os.arch: 'aarch64', os.version: '26.4', java.version: '17'
Driver info: io.appium.java_client.ios.IOSDriver
Command: [bb68be3189073a11a27f68136d5f9abb3937f560, executeScript {args=[{appId=eu.europa.ec.euidi, bundleId=eu.europa.ec.euidi}], script=mobile: terminateApp}]
Capabilities {appium:autoAcceptAlerts: true, appium:automationName: XCUITest, appium:bootstrapPath: /usr/local/.browserstack/co..., appium:browserstack.appiumLogs: false, appium:browserstack.debug: true, appium:browserstack.deviceLogs: true, appium:browserstack.interactiveDebugging: true, appium:browserstack.isTargetBased: true, appium:browserstack.video: true, appium:bundleID: eu.europa.ec.euidi, appium:bundleId: eu.europa.ec.euidi, appium:databaseEnabled: false, appium:deviceName: iPhone 15, appium:deviceOrientation: PORTRAIT, appium:feature_name: issuanceAndPresentationScen..., appium:includeSafariInWebviews: true, appium:javascriptEnabled: true, appium:keychainPassword: [REDACTED VALUE], appium:keychainPath: [REDACTED VALUE], appium:locationContextEnabled: false, appium:name: issuanceAndPresentationScen..., appium:networkConnectionEnabled: false, appium:newCommandTimeout: 0, appium:noReset: true, appium:orientation: PORTRAIT, appium:realMobile: true, appium:safariIgnoreFraudWarning: true, appium:safariInitialUrl: http://mobile-internet-chec..., appium:sessionName: issuanceAndPresentationScen..., appium:takesScreenshot: true, appium:udid: 00008120-001C08123622201E, appium:useXctestrunFile: true, appium:waitForQuiescence: true, appium:wdaStartupRetries: 3, appium:webStorageEnabled: false, appium:webkitResponseTimeout: 20000, platformName: IOS}
Session ID: bb68be3189073a11a27f68136d5f9abb3937f560
Build info: version: '4.40.0', revision: 'b3333f1'
System info: os.name: 'Mac OS X', os.arch: 'aarch64', os.version: '26.4', java.version: '17'
Driver info: driver.version: AppiumDriver
io.appium.java_client.remote.AppiumCommandExecutor.execute(AppiumCommandExecutor.java:243)
io.appium.java_client.AppiumDriver.execute(AppiumDriver.java:225)
io.appium.java_client.CommandExecutionHelper.execute(CommandExecutionHelper.java:36)
io.appium.java_client.CommandExecutionHelper.executeScript(CommandExecutionHelper.java:67)
io.appium.java_client.InteractsWithApps.terminateApp(InteractsWithApps.java:265)
io.appium.java_client.InteractsWithApps.terminateApp(InteractsWithApps.java:246)
eu.europa.eudi.pages.Wallet.restartApp(Wallet.java:1282)
eu.europa.eudi.pages.Wallet.performPresentation(Wallet.java:1450)
eu.europa.eudi.stepdefs.AutomatedStepDefs.thePresentationIsPerformedOnA(AutomatedStepDefs.java:472)
✽.the presentation is performed on a cross device for the PID (MSO Mdoc)(file:///Users/runner/work/eudi-doc-testing-application/eudi-doc-testing-application/src/test/resources/features/ios/regressionTests/Automated_Regression_Tests/PID_MSO_Mdoc/issuanceAndPresentationScenariosPIDMsoMdoc.feature:31)
</system-err></testcase></testsuite>