<?xml version="1.0" encoding="UTF-8" standalone="no"?><testsuite errors="0" failures="0" name="Automatic validation of Provider's registration certificate before issuance" skipped="0" tests="4" time="69.54" timestamp="2026-08-28 08:26:52"><testcase name="Issuance proceeds to approval screen when the registration certificate is valid"/><testcase name="Validation fails when the registration certificate does not contain a registration certificate"/><testcase name="Issuance proceeds to approval screen when the registration certificate is valid"/><testcase name="Validation fails when the registration certificate does not contain a registration certificate"/></testsuite>