<?xml version="1.0" encoding="UTF-8" standalone="no"?><testsuite errors="0" failures="0" name="Reusable attestation with silent renewal under Method B (limited_time)" skipped="0" tests="8" time="141.16" timestamp="2026-08-04 08:58:09"><testcase name="User sees a normal credential after issuance"/><testcase name="User can present the credential repeatedly without noticing time-based behavior"/><testcase name="No timers or countdowns are shown to the user"/><testcase name="Wallet silently refreshes the credential when it nears expiry"/><testcase name="User sees a normal credential after issuance"/><testcase name="User can present the credential repeatedly without noticing time-based behavior"/><testcase name="No timers or countdowns are shown to the user"/><testcase name="Wallet silently refreshes the credential when it nears expiry"/></testsuite>