<?xml version="1.0" encoding="UTF-8" standalone="no"?><testsuite errors="0" failures="0" name="One-time-use attestation issuance under Method A (once_only)" skipped="0" tests="14" time="247.62" timestamp="2026-08-04 08:56:05"><testcase name="User sees a normal credential after issuance"/><testcase name="User can present the credential without noticing special behavior"/><testcase name="Counter is shown after issuance"/><testcase name="Counter decreases after a successful presentation"/><testcase name="Warning indicator appears when only one use is left"/><testcase name="User is not prompted to act when the warning appears"/><testcase name="Counter resets to full after reissuance completes"/><testcase name="User sees a normal credential after issuance"/><testcase name="User can present the credential without noticing special behavior"/><testcase name="Counter is shown after issuance"/><testcase name="Counter decreases after a successful presentation"/><testcase name="Warning indicator appears when only one use is left"/><testcase name="User is not prompted to act when the warning appears"/><testcase name="Counter resets to full after re-issuance completes"/></testsuite>