<?xml version="1.0" encoding="UTF-8" standalone="no"?><testsuite errors="1" failures="0" name="Issuance and presentation - PID (MSO Mdoc)" skipped="0" tests="2" time="548.28" timestamp="2026-07-29 08:44:17"><testcase name="Successful credential issuance and presentation with selective disclosure - Python Issuer - PID (MSO Mdoc)"/><testcase name="Successful credential issuance and presentation with selective disclosure - Kotlin Issuer - PID (MSO Mdoc)"><error message="Expected condition failed: waiting for visibility of element found by By.xpath: //XCUIElementTypeStaticText[@name=&quot;Scan the generated QR Code to issue the requested Credentials:&quot;], but... org.openqa.selenium.NoSuchElementException: An element could not be located on the page using the given search parameters..&#10;(tried for 110 seconds with 500 milliseconds interval)&#10;Build info: version: '4.40.0', revision: 'b3333f1'&#10;System info: os.name: 'Mac OS X', os.arch: 'aarch64', os.version: '26.4', java.version: '17'&#10;Driver info: io.appium.java_client.ios.IOSDriver&#10;Capabilities {appium:autoAcceptAlerts: true, appium:automationName: XCUITest, appium:bootstrapPath: /usr/local/.browserstack/co..., appium:browserstack.appiumLogs: false, appium:browserstack.debug: true, appium:browserstack.deviceLogs: true, appium:browserstack.interactiveDebugging: true, appium:browserstack.isTargetBased: true, appium:browserstack.video: true, appium:bundleID: eu.europa.ec.euidi, appium:bundleId: eu.europa.ec.euidi, appium:databaseEnabled: false, appium:deviceName: iPhone 15, appium:deviceOrientation: PORTRAIT, appium:feature_name: issuanceAndPresentationScen..., appium:includeSafariInWebviews: true, appium:javascriptEnabled: true, appium:keychainPassword: [REDACTED VALUE], appium:keychainPath: [REDACTED VALUE], appium:locationContextEnabled: false, appium:name: issuanceAndPresentationScen..., appium:networkConnectionEnabled: false, appium:newCommandTimeout: 0, appium:noReset: true, appium:orientation: PORTRAIT, appium:realMobile: true, appium:safariIgnoreFraudWarning: true, appium:safariInitialUrl: http://mobile-internet-chec..., appium:sessionName: issuanceAndPresentationScen..., appium:takesScreenshot: true, appium:udid: 00008120-000A18510A44A01E, appium:useXctestrunFile: true, appium:waitForQuiescence: true, appium:wdaStartupRetries: 3, appium:webStorageEnabled: false, appium:webkitResponseTimeout: 20000, platformName: IOS}&#10;Session ID: e30ec2edbf0342fd718cdea31bcf0c89ef35feda&#10;Build info: version: '4.40.0', revision: 'b3333f1'&#10;System info: os.name: 'Mac OS X', os.arch: 'aarch64', os.version: '26.4', java.version: '17'&#10;Driver info: driver.version: unknown" type="org.openqa.selenium.TimeoutException">Expected condition failed: waiting for visibility of element found by By.xpath: //XCUIElementTypeStaticText[@name="Scan the generated QR Code to issue the requested Credentials:"], but... org.openqa.selenium.NoSuchElementException: An element could not be located on the page using the given search parameters..
(tried for 110 seconds with 500 milliseconds interval)
Build info: version: '4.40.0', revision: 'b3333f1'
System info: os.name: 'Mac OS X', os.arch: 'aarch64', os.version: '26.4', java.version: '17'
Driver info: io.appium.java_client.ios.IOSDriver
Capabilities {appium:autoAcceptAlerts: true, appium:automationName: XCUITest, appium:bootstrapPath: /usr/local/.browserstack/co..., appium:browserstack.appiumLogs: false, appium:browserstack.debug: true, appium:browserstack.deviceLogs: true, appium:browserstack.interactiveDebugging: true, appium:browserstack.isTargetBased: true, appium:browserstack.video: true, appium:bundleID: eu.europa.ec.euidi, appium:bundleId: eu.europa.ec.euidi, appium:databaseEnabled: false, appium:deviceName: iPhone 15, appium:deviceOrientation: PORTRAIT, appium:feature_name: issuanceAndPresentationScen..., appium:includeSafariInWebviews: true, appium:javascriptEnabled: true, appium:keychainPassword: [REDACTED VALUE], appium:keychainPath: [REDACTED VALUE], appium:locationContextEnabled: false, appium:name: issuanceAndPresentationScen..., appium:networkConnectionEnabled: false, appium:newCommandTimeout: 0, appium:noReset: true, appium:orientation: PORTRAIT, appium:realMobile: true, appium:safariIgnoreFraudWarning: true, appium:safariInitialUrl: http://mobile-internet-chec..., appium:sessionName: issuanceAndPresentationScen..., appium:takesScreenshot: true, appium:udid: 00008120-000A18510A44A01E, appium:useXctestrunFile: true, appium:waitForQuiescence: true, appium:wdaStartupRetries: 3, appium:webStorageEnabled: false, appium:webkitResponseTimeout: 20000, platformName: IOS}
Session ID: e30ec2edbf0342fd718cdea31bcf0c89ef35feda
Build info: version: '4.40.0', revision: 'b3333f1'
System info: os.name: 'Mac OS X', os.arch: 'aarch64', os.version: '26.4', java.version: '17'
Driver info: driver.version: unknown</error><system-err>Expected condition failed: waiting for visibility of element found by By.xpath: //XCUIElementTypeStaticText[@name="Scan the generated QR Code to issue the requested Credentials:"], but... org.openqa.selenium.NoSuchElementException: An element could not be located on the page using the given search parameters..
(tried for 110 seconds with 500 milliseconds interval)
Build info: version: '4.40.0', revision: 'b3333f1'
System info: os.name: 'Mac OS X', os.arch: 'aarch64', os.version: '26.4', java.version: '17'
Driver info: io.appium.java_client.ios.IOSDriver
Capabilities {appium:autoAcceptAlerts: true, appium:automationName: XCUITest, appium:bootstrapPath: /usr/local/.browserstack/co..., appium:browserstack.appiumLogs: false, appium:browserstack.debug: true, appium:browserstack.deviceLogs: true, appium:browserstack.interactiveDebugging: true, appium:browserstack.isTargetBased: true, appium:browserstack.video: true, appium:bundleID: eu.europa.ec.euidi, appium:bundleId: eu.europa.ec.euidi, appium:databaseEnabled: false, appium:deviceName: iPhone 15, appium:deviceOrientation: PORTRAIT, appium:feature_name: issuanceAndPresentationScen..., appium:includeSafariInWebviews: true, appium:javascriptEnabled: true, appium:keychainPassword: [REDACTED VALUE], appium:keychainPath: [REDACTED VALUE], appium:locationContextEnabled: false, appium:name: issuanceAndPresentationScen..., appium:networkConnectionEnabled: false, appium:newCommandTimeout: 0, appium:noReset: true, appium:orientation: PORTRAIT, appium:realMobile: true, appium:safariIgnoreFraudWarning: true, appium:safariInitialUrl: http://mobile-internet-chec..., appium:sessionName: issuanceAndPresentationScen..., appium:takesScreenshot: true, appium:udid: 00008120-000A18510A44A01E, appium:useXctestrunFile: true, appium:waitForQuiescence: true, appium:wdaStartupRetries: 3, appium:webStorageEnabled: false, appium:webkitResponseTimeout: 20000, platformName: IOS}
Session ID: e30ec2edbf0342fd718cdea31bcf0c89ef35feda
Build info: version: '4.40.0', revision: 'b3333f1'
System info: os.name: 'Mac OS X', os.arch: 'aarch64', os.version: '26.4', java.version: '17'
Driver info: driver.version: unknown
eu.europa.eudi.pages.Issuer.qrCodeIsDisplayedKotlin(Issuer.java:250)
eu.europa.eudi.pages.Issuer.performIssuance(Issuer.java:2285)
eu.europa.eudi.stepdefs.AutomatedStepDefs.theIssuanceIsPerformedOnA(AutomatedStepDefs.java:452)
✽.the issuance is performed on a cross device for the PID (MSO Mdoc) and credential offer(file:///Users/runner/work/eudi-doc-testing-application/eudi-doc-testing-application/src/test/resources/features/ios/regressionTests/Automated_Regression_Tests/PID_MSO_Mdoc/issuanceAndPresentationScenariosPIDMsoMdoc.feature:26)
</system-err></testcase></testsuite>