<?xml version="1.0" encoding="UTF-8" standalone="no"?><testsuite errors="0" failures="0" name="User onboarding experience" skipped="0" tests="13" time="231.51" timestamp="2026-08-04 09:10:16"><testcase name="Logo consistency across onboarding"/><testcase name="Type PIN screen informational text"/><testcase name="Type PIN screen label"/><testcase name="Type PIN screen &quot;Next&quot; button removal"/><testcase name="Confirm PIN screen informational text"/><testcase name="Confirm PIN screen Confirm button removal"/><testcase name="Home tab greeting updated"/><testcase name="Logo consistency across onboarding"/><testcase name="Type PIN screen informational text"/><testcase name="Type PIN screen label"/><testcase name="Confirm PIN screen informational text"/><testcase name="Home tab greeting updated"/><testcase name="Home tab greeting update"/></testsuite>