<?xml version="1.0" encoding="UTF-8" standalone="no"?><testsuite errors="0" failures="0" name="User document management experience" skipped="0" tests="17" time="303.08" timestamp="2026-08-04 09:05:49"><testcase name="Verify + button is removed in Android"/><testcase name="Verify search field label"/><testcase name="Verify Android FAB behavior on scroll"/><testcase name="Remaining instances section"/><testcase name="Verify Eye button placement and text"/><testcase name="The Issuer details card is displayed on top"/><testcase name="Verify rename of delete button in Android"/><testcase name="Verify arrow direction when collapsed"/><testcase name="Verify arrow direction when expanded"/><testcase name="Verify + button color in iOS"/><testcase name="Verify search field label"/><testcase name="Remaining instances section"/><testcase name="Verify Eye button placement and text"/><testcase name="The Issuer details card is displayed on top"/><testcase name="Verify filters grouping"/><testcase name="Verify filter controls use switches"/><testcase name="Verify check button in header"/></testsuite>