<?xml version="1.0" encoding="UTF-8" standalone="no"?><testsuite errors="0" failures="0" name="Improve History Flow UI" skipped="0" tests="8" time="142.13" timestamp="2026-08-04 09:08:30"><testcase name="Verify Transactions label is updated"/><testcase name="Verify search field label"/><testcase name="Verify arrow direction when collapsed on Android"/><testcase name="Verify arrow direction when expanded on Android"/><testcase name="Verify Transactions label is updated"/><testcase name="Verify search field label"/><testcase name="Verify filters grouping on iOS"/><testcase name="Verify filter controls use switches on iOS"/></testsuite>