<?xml version="1.0" encoding="UTF-8" standalone="no"?><testsuite errors="0" failures="0" name="Present Digital Attestations via Browser using EUDI Wallet on Same Device" skipped="0" tests="13" time="229.8" timestamp="2026-08-04 08:52:15"><testcase name="User initiates verification from browser"/><testcase name="Browser requests permission for Digital Credentials API"/><testcase name="User grants Digital Credentials API permission"/><testcase name="Matching attestations are found on the device"/><testcase name="No matching attestations found"/><testcase name="Attestation details are displayed in selector"/><testcase name="Selector indicates Wallet Unit ownership"/><testcase name="User selects an attestation and Wallet opens"/><testcase name="Wallet verifies Relying Party identity and origin"/><testcase name="User consents and proceeds to authentication"/><testcase name="Successful authentication and presentation"/><testcase name="Relying Party verifies attestation successfully"/><testcase name="Relying Party verification fails"/></testsuite>