<?xml version="1.0" encoding="UTF-8" standalone="no"?><testsuite errors="0" failures="0" name="Randomized balanced rotation with silent renewal under Method C (rotating-batch)" skipped="0" tests="8" time="141.67" timestamp="2026-08-04 08:59:19"><testcase name="Credential always displays full availability"/><testcase name="Counter never shows deletion or decreasing values"/><testcase name="Wallet silently refreshes the batch when its lifetime is close to ending"/><testcase name="Credential shows full availability after silent renewal"/><testcase name="Credential always displays full availability"/><testcase name="Counter never shows deletion or decreasing values"/><testcase name="Wallet silently refreshes the batch when its lifetime is close to ending"/><testcase name="Credential shows full availability after silent renewal"/></testsuite>