<?xml version="1.0" encoding="UTF-8" standalone="no"?><testsuite errors="0" failures="1" name="Wallet Interprets Credential Reuse Policy Metadata" skipped="0" tests="10" time="177.1" timestamp="2026-08-04 09:00:30"><testcase name="User sees a normal credential-issuance flow"/><testcase name="User is not asked to choose a reuse behavior"/><testcase name="Wallet automatically applies the issuer's preferred behavior"/><testcase name="Wallet silently selects the first fully supported policy when multiple options exist"/><testcase name="Wallet falls back to its own default reuse policy in case of no rule"/><testcase name="User sees a normal credential-issuance flow"/><testcase name="User is not asked to choose a reuse behavior"/><testcase name="Wallet automatically applies the issuer's preferred behavior"/><testcase name="Wallet silently selects the first fully supported policy when multiple options exist"><failure/></testcase><testcase name="Wallet falls back to its own default reuse policy in case of no rule"/></testsuite>