<?xml version="1.0" encoding="UTF-8" standalone="no"?><testsuite errors="0" failures="0" name="Wallet Presents Alternative Credential Combinations from a DCQL Query" skipped="0" tests="18" time="318.98" timestamp="2026-08-04 09:01:59"><testcase name="Display all valid combinations"/><testcase name="Display only valid combinations"/><testcase name="User must select one combination when multiple exist"/><testcase name="Each option shows which credentials will be shared"/><testcase name="Only one valid combination exists"/><testcase name="No valid combinations available"/><testcase name="Show information that will be shared"/><testcase name="Do not show or share unrequested information"/><testcase name="Canceling the flow"/><testcase name="Display all valid combinations"/><testcase name="Display only valid combinations"/><testcase name="User must select one combination when multiple exist"/><testcase name="Each option shows which credentials will be shared"/><testcase name="Only one valid combination exists"/><testcase name="No valid combinations available"/><testcase name="Show information that will be shared"/><testcase name="Do not show or share unrequested information"/><testcase name="Canceling the flow"/></testsuite>