<?xml version="1.0" encoding="UTF-8" standalone="no"?><testsuite errors="0" failures="0" name="Cross-Device Presentation of Digital Attestations via EUDI Wallet" skipped="0" tests="15" time="260.96" timestamp="2026-08-04 08:47:53"><testcase name="User initiates verification from Desktop browser"/><testcase name="Desktop browser requests permission for Digital Credentials API"/><testcase name="User grants permission on Desktop browser"/><testcase name="QR code is displayed for cross-device flow"/><testcase name="User scans QR code using mobile device"/><testcase name="Mobile OS searches for matching attestations"/><testcase name="No matching attestations on mobile device"/><testcase name="Mobile OS displays selector with matching attestations"/><testcase name="Attestation identifying information is displayed"/><testcase name="Selector indicates Wallet Unit ownership"/><testcase name="User selects an attestation and Wallet opens"/><testcase name="Wallet displays requested attestations and attributes"/><testcase name="Successful consent and authentication"/><testcase name="Relying Party verifies attestation successfully"/><testcase name="Relying Party verification fails"/></testsuite>