<?xml version="1.0" encoding="UTF-8" standalone="no"?><testsuite errors="1" failures="0" name="Online Identification &amp; Authentication (same-device)" skipped="0" tests="8" time="939.17" timestamp="2025-10-14 10:32:22"><testcase name="User successfully logs in and sees the dashboard"/><testcase name="User selects data to share"/><testcase name="User views and unselects data"/><testcase name="User authorizes data disclosure"><error message="Expected condition failed: waiting for visibility of element located by By.xpath: //android.widget.TextView[@text=&quot;eu.europa.ec.eudi.pid.1&quot;] (tried for 140 second(s) with 500 milliseconds interval)&#10;Build info: version: '4.13.0', revision: 'ba948ece5b*'&#10;System info: os.name: 'Mac OS X', os.arch: 'aarch64', os.version: '15.7.1', java.version: '23.0.1'&#10;Driver info: io.appium.java_client.android.AndroidDriver&#10;Capabilities {appium:app: /Users/ftheofil/Documents/e..., appium:appActivity: eu.europa.ec.assemblylogic...., appium:appPackage: eu.europa.ec.euidi, appium:autoGrantPermissions: true, appium:automationName: UiAutomator2, appium:databaseEnabled: false, appium:desired: {app: /Users/ftheofil/Documents/e..., appActivity: eu.europa.ec.assemblylogic...., appPackage: eu.europa.ec.euidi, autoGrantPermissions: true, automationName: UiAutomator2, deviceName: POCO X5 Pro, disableWindowAnimation: true, enableLogcatLogging: true, fullReset: false, ignoreUnimportantViews: false, newCommandTimeout: 120, noReset: false, platformName: ANDROID, platformVersion: 14.0, skipUnlock: true, udid: 58d5b98, waitForIdleTimeout: 900}, appium:deviceApiLevel: 34, appium:deviceManufacturer: Xiaomi, appium:deviceModel: 22101320G, appium:deviceName: 58d5b98, appium:deviceScreenDensity: 440, appium:deviceScreenSize: 1080x2400, appium:deviceUDID: 58d5b98, appium:disableWindowAnimation: true, appium:enableLogcatLogging: true, appium:fullReset: false, appium:ignoreUnimportantViews: false, appium:javascriptEnabled: true, appium:locationContextEnabled: false, appium:networkConnectionEnabled: true, appium:newCommandTimeout: 120, appium:noReset: false, appium:pixelRatio: 2.75, appium:platformVersion: 14, appium:skipUnlock: true, appium:statBarHeight: 94, appium:takesScreenshot: true, appium:udid: 58d5b98, appium:viewportRect: {height: 2082, left: 0, top: 94, width: 1080}, appium:waitForIdleTimeout: 900, appium:warnings: {}, appium:webStorageEnabled: false, platformName: ANDROID}&#10;Session ID: f9ad5fe6-c6bc-448b-9d48-fd6faad30fbd&#10;Build info: version: '4.13.0', revision: 'ba948ece5b*'&#10;System info: os.name: 'Mac OS X', os.arch: 'aarch64', os.version: '15.7.1', java.version: '23.0.1'&#10;Driver info: driver.version: unknown" type="org.openqa.selenium.TimeoutException">Expected condition failed: waiting for visibility of element located by By.xpath: //android.widget.TextView[@text="eu.europa.ec.eudi.pid.1"] (tried for 140 second(s) with 500 milliseconds interval)
Build info: version: '4.13.0', revision: 'ba948ece5b*'
System info: os.name: 'Mac OS X', os.arch: 'aarch64', os.version: '15.7.1', java.version: '23.0.1'
Driver info: io.appium.java_client.android.AndroidDriver
Capabilities {appium:app: /Users/ftheofil/Documents/e..., appium:appActivity: eu.europa.ec.assemblylogic...., appium:appPackage: eu.europa.ec.euidi, appium:autoGrantPermissions: true, appium:automationName: UiAutomator2, appium:databaseEnabled: false, appium:desired: {app: /Users/ftheofil/Documents/e..., appActivity: eu.europa.ec.assemblylogic...., appPackage: eu.europa.ec.euidi, autoGrantPermissions: true, automationName: UiAutomator2, deviceName: POCO X5 Pro, disableWindowAnimation: true, enableLogcatLogging: true, fullReset: false, ignoreUnimportantViews: false, newCommandTimeout: 120, noReset: false, platformName: ANDROID, platformVersion: 14.0, skipUnlock: true, udid: 58d5b98, waitForIdleTimeout: 900}, appium:deviceApiLevel: 34, appium:deviceManufacturer: Xiaomi, appium:deviceModel: 22101320G, appium:deviceName: 58d5b98, appium:deviceScreenDensity: 440, appium:deviceScreenSize: 1080x2400, appium:deviceUDID: 58d5b98, appium:disableWindowAnimation: true, appium:enableLogcatLogging: true, appium:fullReset: false, appium:ignoreUnimportantViews: false, appium:javascriptEnabled: true, appium:locationContextEnabled: false, appium:networkConnectionEnabled: true, appium:newCommandTimeout: 120, appium:noReset: false, appium:pixelRatio: 2.75, appium:platformVersion: 14, appium:skipUnlock: true, appium:statBarHeight: 94, appium:takesScreenshot: true, appium:udid: 58d5b98, appium:viewportRect: {height: 2082, left: 0, top: 94, width: 1080}, appium:waitForIdleTimeout: 900, appium:warnings: {}, appium:webStorageEnabled: false, platformName: ANDROID}
Session ID: f9ad5fe6-c6bc-448b-9d48-fd6faad30fbd
Build info: version: '4.13.0', revision: 'ba948ece5b*'
System info: os.name: 'Mac OS X', os.arch: 'aarch64', os.version: '15.7.1', java.version: '23.0.1'
Driver info: driver.version: unknown</error><system-err>Expected condition failed: waiting for visibility of element located by By.xpath: //android.widget.TextView[@text="eu.europa.ec.eudi.pid.1"] (tried for 140 second(s) with 500 milliseconds interval)
Build info: version: '4.13.0', revision: 'ba948ece5b*'
System info: os.name: 'Mac OS X', os.arch: 'aarch64', os.version: '15.7.1', java.version: '23.0.1'
Driver info: io.appium.java_client.android.AndroidDriver
Capabilities {appium:app: /Users/ftheofil/Documents/e..., appium:appActivity: eu.europa.ec.assemblylogic...., appium:appPackage: eu.europa.ec.euidi, appium:autoGrantPermissions: true, appium:automationName: UiAutomator2, appium:databaseEnabled: false, appium:desired: {app: /Users/ftheofil/Documents/e..., appActivity: eu.europa.ec.assemblylogic...., appPackage: eu.europa.ec.euidi, autoGrantPermissions: true, automationName: UiAutomator2, deviceName: POCO X5 Pro, disableWindowAnimation: true, enableLogcatLogging: true, fullReset: false, ignoreUnimportantViews: false, newCommandTimeout: 120, noReset: false, platformName: ANDROID, platformVersion: 14.0, skipUnlock: true, udid: 58d5b98, waitForIdleTimeout: 900}, appium:deviceApiLevel: 34, appium:deviceManufacturer: Xiaomi, appium:deviceModel: 22101320G, appium:deviceName: 58d5b98, appium:deviceScreenDensity: 440, appium:deviceScreenSize: 1080x2400, appium:deviceUDID: 58d5b98, appium:disableWindowAnimation: true, appium:enableLogcatLogging: true, appium:fullReset: false, appium:ignoreUnimportantViews: false, appium:javascriptEnabled: true, appium:locationContextEnabled: false, appium:networkConnectionEnabled: true, appium:newCommandTimeout: 120, appium:noReset: false, appium:pixelRatio: 2.75, appium:platformVersion: 14, appium:skipUnlock: true, appium:statBarHeight: 94, appium:takesScreenshot: true, appium:udid: 58d5b98, appium:viewportRect: {height: 2082, left: 0, top: 94, width: 1080}, appium:waitForIdleTimeout: 900, appium:warnings: {}, appium:webStorageEnabled: false, platformName: ANDROID}
Session ID: f9ad5fe6-c6bc-448b-9d48-fd6faad30fbd
Build info: version: '4.13.0', revision: 'ba948ece5b*'
System info: os.name: 'Mac OS X', os.arch: 'aarch64', os.version: '15.7.1', java.version: '23.0.1'
Driver info: driver.version: unknown
eu.europa.eudi.pages.Verifier.walletResponded(Verifier.java:353)
eu.europa.eudi.stepdefs.GeneralStepDefs.theUserGetsRedirectedToVerifierAndViewsTheRespond(GeneralStepDefs.java:1330)
✽.the user gets redirected to verifier and views the respond(file:///Users/ftheofil/Documents/eudi-doc-testing-application-internal/src/test/resources/features/android/regressionTests/onlineIdentificationAuthenticationSameDevice.feature:28)
</system-err></testcase><testcase name="User successfully logs in and sees the dashboard"/><testcase name="User selects data to share"/><testcase name="User views and unselects data"/><testcase name="User authorizes data disclosure"/></testsuite>