<?xml version="1.0" encoding="UTF-8" standalone="no"?><testsuite errors="0" failures="0" name="Authenticate and authorize EUDI Wallet User with QTSP for signing service" skipped="0" tests="18" time="149.69" timestamp="2025-10-14 10:21:30"><testcase name="User initiates signing process"/><testcase name="User selects QTSP for signing"/><testcase name="User receives attestation presentation request via deep link"/><testcase name="EUDI Wallet prompts for attestation release"/><testcase name="User provides consent and authenticates"/><testcase name="No matching attestation available"/><testcase name="QTSP verifies attestation successfully"/><testcase name="User cancels the process"/><testcase name="User fails authentication and retries"/><testcase name="User initiates signing process"/><testcase name="User selects QTSP for signing"/><testcase name="User receives attestation presentation request via deep link"/><testcase name="EUDI Wallet prompts for attestation release"/><testcase name="User provides consent and authenticates"/><testcase name="No matching attestation available"/><testcase name="QTSP verifies attestation successfully"/><testcase name="User cancels the process"/><testcase name="User fails authentication and retries"/></testsuite>