<?xml version="1.0" encoding="UTF-8" standalone="no"?><testsuite errors="0" failures="0" name="Deleting a PID document" skipped="0" tests="10" time="1023.18" timestamp="2025-10-14 10:46:37"><testcase name="User enters PIN and selects PID"/><testcase name="User deletes the document"/><testcase name="User deletes the document and application reboots"/><testcase name="User sees the login screen after reboot"/><testcase name="User needs to enter a PID again"/><testcase name="User enters PIN and selects PID"/><testcase name="User deletes the document"/><testcase name="User deletes the document and application reboots"/><testcase name="User sees the login screen after reboot"/><testcase name="User needs to enter a PID again"/></testsuite>