<?xml version="1.0" encoding="UTF-8" standalone="no"?><testsuite errors="8" failures="0" name="View mDL document" skipped="0" tests="8" time="0.0" timestamp="2025-07-25 04:28:42"><testcase name="User successfully logs in and sees the dashboard"><error message="Cannot invoke &quot;org.openqa.selenium.support.ui.WebDriverWait.until(java.util.function.Function)&quot; because the return value of &quot;eu.europa.eudi.utils.factory.MobileWebDriverFactory.getWait()&quot; is null" type="java.lang.NullPointerException">Cannot invoke "org.openqa.selenium.support.ui.WebDriverWait.until(java.util.function.Function)" because the return value of "eu.europa.eudi.utils.factory.MobileWebDriverFactory.getWait()" is null</error><system-err>Cannot invoke "org.openqa.selenium.support.ui.WebDriverWait.until(java.util.function.Function)" because the return value of "eu.europa.eudi.utils.factory.MobileWebDriverFactory.getWait()" is null
eu.europa.eudi.pages.Wallet.checkIfPageIsTrue(Wallet.java:33)
eu.europa.eudi.stepdefs.GeneralStepDefs.setup(GeneralStepDefs.java:54)
</system-err></testcase><testcase name="User opens the mDL document from the dashboard"><error message="Cannot invoke &quot;org.openqa.selenium.support.ui.WebDriverWait.until(java.util.function.Function)&quot; because the return value of &quot;eu.europa.eudi.utils.factory.MobileWebDriverFactory.getWait()&quot; is null" type="java.lang.NullPointerException">Cannot invoke "org.openqa.selenium.support.ui.WebDriverWait.until(java.util.function.Function)" because the return value of "eu.europa.eudi.utils.factory.MobileWebDriverFactory.getWait()" is null</error><system-err>Cannot invoke "org.openqa.selenium.support.ui.WebDriverWait.until(java.util.function.Function)" because the return value of "eu.europa.eudi.utils.factory.MobileWebDriverFactory.getWait()" is null
eu.europa.eudi.pages.Wallet.checkIfPageIsTrue(Wallet.java:33)
eu.europa.eudi.stepdefs.GeneralStepDefs.setup(GeneralStepDefs.java:90)
</system-err></testcase><testcase name="Viewing attestation details after selecting the 'eye' icon"><error message="Cannot invoke &quot;org.openqa.selenium.support.ui.WebDriverWait.until(java.util.function.Function)&quot; because the return value of &quot;eu.europa.eudi.utils.factory.MobileWebDriverFactory.getWait()&quot; is null" type="java.lang.NullPointerException">Cannot invoke "org.openqa.selenium.support.ui.WebDriverWait.until(java.util.function.Function)" because the return value of "eu.europa.eudi.utils.factory.MobileWebDriverFactory.getWait()" is null</error><system-err>Cannot invoke "org.openqa.selenium.support.ui.WebDriverWait.until(java.util.function.Function)" because the return value of "eu.europa.eudi.utils.factory.MobileWebDriverFactory.getWait()" is null
eu.europa.eudi.pages.Wallet.checkIfPageIsTrue(Wallet.java:33)
eu.europa.eudi.stepdefs.GeneralStepDefs.setup(GeneralStepDefs.java:90)
</system-err></testcase><testcase name="User closes the mDL document and returns to the dashboard"><error message="Cannot invoke &quot;org.openqa.selenium.support.ui.WebDriverWait.until(java.util.function.Function)&quot; because the return value of &quot;eu.europa.eudi.utils.factory.MobileWebDriverFactory.getWait()&quot; is null" type="java.lang.NullPointerException">Cannot invoke "org.openqa.selenium.support.ui.WebDriverWait.until(java.util.function.Function)" because the return value of "eu.europa.eudi.utils.factory.MobileWebDriverFactory.getWait()" is null</error><system-err>Cannot invoke "org.openqa.selenium.support.ui.WebDriverWait.until(java.util.function.Function)" because the return value of "eu.europa.eudi.utils.factory.MobileWebDriverFactory.getWait()" is null
eu.europa.eudi.pages.Wallet.checkIfPageIsTrue(Wallet.java:33)
eu.europa.eudi.stepdefs.GeneralStepDefs.setup(GeneralStepDefs.java:90)
</system-err></testcase><testcase name="User successfully logs in and sees the dashboard"><error message="Cannot invoke &quot;org.openqa.selenium.support.ui.WebDriverWait.until(java.util.function.Function)&quot; because the return value of &quot;eu.europa.eudi.utils.factory.MobileWebDriverFactory.getWait()&quot; is null" type="java.lang.NullPointerException">Cannot invoke "org.openqa.selenium.support.ui.WebDriverWait.until(java.util.function.Function)" because the return value of "eu.europa.eudi.utils.factory.MobileWebDriverFactory.getWait()" is null</error><system-err>Cannot invoke "org.openqa.selenium.support.ui.WebDriverWait.until(java.util.function.Function)" because the return value of "eu.europa.eudi.utils.factory.MobileWebDriverFactory.getWait()" is null
eu.europa.eudi.pages.Wallet.checkIfPageIsTrue(Wallet.java:36)
eu.europa.eudi.stepdefs.GeneralStepDefs.setup(GeneralStepDefs.java:54)
</system-err></testcase><testcase name="User opens the mDL document from the dashboard"><error message="Cannot invoke &quot;org.openqa.selenium.support.ui.WebDriverWait.until(java.util.function.Function)&quot; because the return value of &quot;eu.europa.eudi.utils.factory.MobileWebDriverFactory.getWait()&quot; is null" type="java.lang.NullPointerException">Cannot invoke "org.openqa.selenium.support.ui.WebDriverWait.until(java.util.function.Function)" because the return value of "eu.europa.eudi.utils.factory.MobileWebDriverFactory.getWait()" is null</error><system-err>Cannot invoke "org.openqa.selenium.support.ui.WebDriverWait.until(java.util.function.Function)" because the return value of "eu.europa.eudi.utils.factory.MobileWebDriverFactory.getWait()" is null
eu.europa.eudi.pages.Wallet.checkIfPageIsTrue(Wallet.java:36)
eu.europa.eudi.stepdefs.GeneralStepDefs.setup(GeneralStepDefs.java:90)
</system-err></testcase><testcase name="Viewing attestation details after selecting the 'eye' icon"><error message="Cannot invoke &quot;org.openqa.selenium.support.ui.WebDriverWait.until(java.util.function.Function)&quot; because the return value of &quot;eu.europa.eudi.utils.factory.MobileWebDriverFactory.getWait()&quot; is null" type="java.lang.NullPointerException">Cannot invoke "org.openqa.selenium.support.ui.WebDriverWait.until(java.util.function.Function)" because the return value of "eu.europa.eudi.utils.factory.MobileWebDriverFactory.getWait()" is null</error><system-err>Cannot invoke "org.openqa.selenium.support.ui.WebDriverWait.until(java.util.function.Function)" because the return value of "eu.europa.eudi.utils.factory.MobileWebDriverFactory.getWait()" is null
eu.europa.eudi.pages.Wallet.checkIfPageIsTrue(Wallet.java:36)
eu.europa.eudi.stepdefs.GeneralStepDefs.setup(GeneralStepDefs.java:90)
</system-err></testcase><testcase name="User closes the mDL document and returns to the dashboard"><error message="Cannot invoke &quot;org.openqa.selenium.support.ui.WebDriverWait.until(java.util.function.Function)&quot; because the return value of &quot;eu.europa.eudi.utils.factory.MobileWebDriverFactory.getWait()&quot; is null" type="java.lang.NullPointerException">Cannot invoke "org.openqa.selenium.support.ui.WebDriverWait.until(java.util.function.Function)" because the return value of "eu.europa.eudi.utils.factory.MobileWebDriverFactory.getWait()" is null</error><system-err>Cannot invoke "org.openqa.selenium.support.ui.WebDriverWait.until(java.util.function.Function)" because the return value of "eu.europa.eudi.utils.factory.MobileWebDriverFactory.getWait()" is null
eu.europa.eudi.pages.Wallet.checkIfPageIsTrue(Wallet.java:36)
eu.europa.eudi.stepdefs.GeneralStepDefs.setup(GeneralStepDefs.java:90)
</system-err></testcase></testsuite>