<?xml version="1.0" encoding="UTF-8" standalone="no"?><testsuite errors="0" failures="0" name="Request/Issue PID" skipped="0" tests="8" time="736.43" timestamp="2025-10-14 10:57:31"><testcase name="User successfully logs in and sees the dashboard"/><testcase name="Add document via national ID"/><testcase name="Select authentication method and enter data"/><testcase name="Enter data and display national ID"/><testcase name="User successfully logs in and sees the dashboard"/><testcase name="Add document via national ID"/><testcase name="Select authentication method and enter data"/><testcase name="Enter data and display national ID"/></testsuite>