<?xml version="1.0" encoding="UTF-8" standalone="no"?><testsuite errors="0" failures="0" name="View PID document" skipped="0" tests="8" time="555.15" timestamp="2025-10-14 11:20:30"><testcase name="User successfully logs in and sees the dashboard"/><testcase name="User opens the PID document from the dashboard"/><testcase name="Viewing attestation details after selecting the 'eye' icon"/><testcase name="User closes the PID document and returns to the dashboard"/><testcase name="User successfully logs in and sees the dashboard"/><testcase name="User opens the PID document from the dashboard"/><testcase name="Viewing attestation details after selecting the 'eye' icon"/><testcase name="User closes the PID document and returns to the dashboard"/></testsuite>