<?xml version="1.0" encoding="UTF-8" standalone="no"?><testsuite errors="0" failures="0" name="Presentation of Batch Issued Attestations in Proximity Scenario" skipped="0" tests="24" time="567.74" timestamp="2025-07-28 04:08:22"><testcase name="Successful authentication in the EUDI Wallet"/><testcase name="Unsuccessful authentication in the EUDI Wallet"/><testcase name="Presenting QR Code for attestation request"/><testcase name="Scanning QR Code by Relying Party device"/><testcase name="Validation of attestation request by EUDI Wallet"/><testcase name="Selection of attestation using Method A"/><testcase name="Selection of attestation using Method C"/><testcase name="No matching attestation available"/><testcase name="User consent for attestation presentation"/><testcase name="Unsuccessful consent authentication"/><testcase name="Presentation of attestation to Relying Party"/><testcase name="Confirmation of presentation outcome"/><testcase name="Successful authentication in the EUDI Wallet"/><testcase name="Unsuccessful authentication in the EUDI Wallet"/><testcase name="Presenting QR Code for attestation request"/><testcase name="Scanning QR Code by Relying Party device"/><testcase name="Validation of attestation request by EUDI Wallet"/><testcase name="Selection of attestation using Method A"/><testcase name="Selection of attestation using Method C"/><testcase name="No matching attestation available"/><testcase name="User consent for attestation presentation"/><testcase name="Unsuccessful consent authentication"/><testcase name="Presentation of attestation to Relying Party"/><testcase name="Confirmation of presentation outcome"/></testsuite>