<?xml version="1.0" encoding="UTF-8" standalone="no"?><testsuite errors="2" failures="0" name="Selective Disclosure" skipped="0" tests="10" time="1297.56" timestamp="2025-10-14 11:02:11"><testcase name="View Requested Data from Verifier"/><testcase name="Unselect Some Data"><error message="The element 'By.xpath: //android.widget.Button[@text=&quot;Next&quot;]' is not linked to the same object in DOM anymore&#10;For documentation on this error, please visit: https://www.selenium.dev/documentation/webdriver/troubleshooting/errors#stale-element-reference-exception&#10;Build info: version: '4.13.0', revision: 'ba948ece5b*'&#10;System info: os.name: 'Mac OS X', os.arch: 'aarch64', os.version: '15.7.1', java.version: '23.0.1'&#10;Driver info: io.appium.java_client.android.AndroidDriver&#10;Command: [cd3c3dca-b5b0-4804-a161-b2c1fdf89951, clickElement {id=00000000-0000-2265-0000-28c300002d97}]&#10;Capabilities {appium:app: /Users/ftheofil/Documents/e..., appium:appActivity: eu.europa.ec.assemblylogic...., appium:appPackage: eu.europa.ec.euidi, appium:autoGrantPermissions: true, appium:automationName: UiAutomator2, appium:databaseEnabled: false, appium:desired: {app: /Users/ftheofil/Documents/e..., appActivity: eu.europa.ec.assemblylogic...., appPackage: eu.europa.ec.euidi, autoGrantPermissions: true, automationName: UiAutomator2, deviceName: POCO X5 Pro, disableWindowAnimation: true, enableLogcatLogging: true, fullReset: false, ignoreUnimportantViews: false, newCommandTimeout: 120, noReset: false, platformName: ANDROID, platformVersion: 14.0, skipUnlock: true, udid: 58d5b98, waitForIdleTimeout: 900}, appium:deviceApiLevel: 34, appium:deviceManufacturer: Xiaomi, appium:deviceModel: 22101320G, appium:deviceName: 58d5b98, appium:deviceScreenDensity: 440, appium:deviceScreenSize: 1080x2400, appium:deviceUDID: 58d5b98, appium:disableWindowAnimation: true, appium:enableLogcatLogging: true, appium:fullReset: false, appium:ignoreUnimportantViews: false, appium:javascriptEnabled: true, appium:locationContextEnabled: false, appium:networkConnectionEnabled: true, appium:newCommandTimeout: 120, appium:noReset: false, appium:pixelRatio: 2.75, appium:platformVersion: 14, appium:skipUnlock: true, appium:statBarHeight: 94, appium:takesScreenshot: true, appium:udid: 58d5b98, appium:viewportRect: {height: 2082, left: 0, top: 94, width: 1080}, appium:waitForIdleTimeout: 900, appium:warnings: {}, appium:webStorageEnabled: false, platformName: ANDROID}&#10;Element: [[AndroidDriver:  on ANDROID (cd3c3dca-b5b0-4804-a161-b2c1fdf89951)] -&gt; xpath: //android.widget.Button[@text=&quot;Next&quot;]]&#10;Session ID: cd3c3dca-b5b0-4804-a161-b2c1fdf89951&#10;For documentation on this error, please visit: https://www.selenium.dev/documentation/webdriver/troubleshooting/errors#stale-element-reference-exception&#10;Build info: version: '4.13.0', revision: 'ba948ece5b*'&#10;System info: os.name: 'Mac OS X', os.arch: 'aarch64', os.version: '15.7.1', java.version: '23.0.1'&#10;Driver info: driver.version: unknown" type="org.openqa.selenium.StaleElementReferenceException">The element 'By.xpath: //android.widget.Button[@text="Next"]' is not linked to the same object in DOM anymore
For documentation on this error, please visit: https://www.selenium.dev/documentation/webdriver/troubleshooting/errors#stale-element-reference-exception
Build info: version: '4.13.0', revision: 'ba948ece5b*'
System info: os.name: 'Mac OS X', os.arch: 'aarch64', os.version: '15.7.1', java.version: '23.0.1'
Driver info: io.appium.java_client.android.AndroidDriver
Command: [cd3c3dca-b5b0-4804-a161-b2c1fdf89951, clickElement {id=00000000-0000-2265-0000-28c300002d97}]
Capabilities {appium:app: /Users/ftheofil/Documents/e..., appium:appActivity: eu.europa.ec.assemblylogic...., appium:appPackage: eu.europa.ec.euidi, appium:autoGrantPermissions: true, appium:automationName: UiAutomator2, appium:databaseEnabled: false, appium:desired: {app: /Users/ftheofil/Documents/e..., appActivity: eu.europa.ec.assemblylogic...., appPackage: eu.europa.ec.euidi, autoGrantPermissions: true, automationName: UiAutomator2, deviceName: POCO X5 Pro, disableWindowAnimation: true, enableLogcatLogging: true, fullReset: false, ignoreUnimportantViews: false, newCommandTimeout: 120, noReset: false, platformName: ANDROID, platformVersion: 14.0, skipUnlock: true, udid: 58d5b98, waitForIdleTimeout: 900}, appium:deviceApiLevel: 34, appium:deviceManufacturer: Xiaomi, appium:deviceModel: 22101320G, appium:deviceName: 58d5b98, appium:deviceScreenDensity: 440, appium:deviceScreenSize: 1080x2400, appium:deviceUDID: 58d5b98, appium:disableWindowAnimation: true, appium:enableLogcatLogging: true, appium:fullReset: false, appium:ignoreUnimportantViews: false, appium:javascriptEnabled: true, appium:locationContextEnabled: false, appium:networkConnectionEnabled: true, appium:newCommandTimeout: 120, appium:noReset: false, appium:pixelRatio: 2.75, appium:platformVersion: 14, appium:skipUnlock: true, appium:statBarHeight: 94, appium:takesScreenshot: true, appium:udid: 58d5b98, appium:viewportRect: {height: 2082, left: 0, top: 94, width: 1080}, appium:waitForIdleTimeout: 900, appium:warnings: {}, appium:webStorageEnabled: false, platformName: ANDROID}
Element: [[AndroidDriver:  on ANDROID (cd3c3dca-b5b0-4804-a161-b2c1fdf89951)] -&gt; xpath: //android.widget.Button[@text="Next"]]
Session ID: cd3c3dca-b5b0-4804-a161-b2c1fdf89951
For documentation on this error, please visit: https://www.selenium.dev/documentation/webdriver/troubleshooting/errors#stale-element-reference-exception
Build info: version: '4.13.0', revision: 'ba948ece5b*'
System info: os.name: 'Mac OS X', os.arch: 'aarch64', os.version: '15.7.1', java.version: '23.0.1'
Driver info: driver.version: unknown</error><system-err>The element 'By.xpath: //android.widget.Button[@text="Next"]' is not linked to the same object in DOM anymore
For documentation on this error, please visit: https://www.selenium.dev/documentation/webdriver/troubleshooting/errors#stale-element-reference-exception
Build info: version: '4.13.0', revision: 'ba948ece5b*'
System info: os.name: 'Mac OS X', os.arch: 'aarch64', os.version: '15.7.1', java.version: '23.0.1'
Driver info: io.appium.java_client.android.AndroidDriver
Command: [cd3c3dca-b5b0-4804-a161-b2c1fdf89951, clickElement {id=00000000-0000-2265-0000-28c300002d97}]
Capabilities {appium:app: /Users/ftheofil/Documents/e..., appium:appActivity: eu.europa.ec.assemblylogic...., appium:appPackage: eu.europa.ec.euidi, appium:autoGrantPermissions: true, appium:automationName: UiAutomator2, appium:databaseEnabled: false, appium:desired: {app: /Users/ftheofil/Documents/e..., appActivity: eu.europa.ec.assemblylogic...., appPackage: eu.europa.ec.euidi, autoGrantPermissions: true, automationName: UiAutomator2, deviceName: POCO X5 Pro, disableWindowAnimation: true, enableLogcatLogging: true, fullReset: false, ignoreUnimportantViews: false, newCommandTimeout: 120, noReset: false, platformName: ANDROID, platformVersion: 14.0, skipUnlock: true, udid: 58d5b98, waitForIdleTimeout: 900}, appium:deviceApiLevel: 34, appium:deviceManufacturer: Xiaomi, appium:deviceModel: 22101320G, appium:deviceName: 58d5b98, appium:deviceScreenDensity: 440, appium:deviceScreenSize: 1080x2400, appium:deviceUDID: 58d5b98, appium:disableWindowAnimation: true, appium:enableLogcatLogging: true, appium:fullReset: false, appium:ignoreUnimportantViews: false, appium:javascriptEnabled: true, appium:locationContextEnabled: false, appium:networkConnectionEnabled: true, appium:newCommandTimeout: 120, appium:noReset: false, appium:pixelRatio: 2.75, appium:platformVersion: 14, appium:skipUnlock: true, appium:statBarHeight: 94, appium:takesScreenshot: true, appium:udid: 58d5b98, appium:viewportRect: {height: 2082, left: 0, top: 94, width: 1080}, appium:waitForIdleTimeout: 900, appium:warnings: {}, appium:webStorageEnabled: false, platformName: ANDROID}
Element: [[AndroidDriver:  on ANDROID (cd3c3dca-b5b0-4804-a161-b2c1fdf89951)] -&gt; xpath: //android.widget.Button[@text="Next"]]
Session ID: cd3c3dca-b5b0-4804-a161-b2c1fdf89951
For documentation on this error, please visit: https://www.selenium.dev/documentation/webdriver/troubleshooting/errors#stale-element-reference-exception
Build info: version: '4.13.0', revision: 'ba948ece5b*'
System info: os.name: 'Mac OS X', os.arch: 'aarch64', os.version: '15.7.1', java.version: '23.0.1'
Driver info: driver.version: unknown
io.appium.java_client.remote.AppiumCommandExecutor.execute(AppiumCommandExecutor.java:250)
eu.europa.eudi.pages.Verifier.assertAndClickNext(Verifier.java:87)
eu.europa.eudi.stepdefs.GeneralStepDefs.theVerifierRequestsADocFromTheWalletUser(GeneralStepDefs.java:959)
eu.europa.eudi.stepdefs.GeneralStepDefs.theUserHasSelectedSomeData(GeneralStepDefs.java:1015)
✽.the user has selected some data(file:///Users/ftheofil/Documents/eudi-doc-testing-application-internal/src/test/resources/features/android/regressionTests/selectiveDisclosure.feature:13)
</system-err></testcase><testcase name="Initiate Sharing Process"/><testcase name="Expand Verification Section"/><testcase name="Completion of Process"><error message="Expected condition failed: waiting for visibility of element located by By.xpath: //android.widget.TextView[@text=&quot;eu.europa.ec.eudi.pid.1&quot;] (tried for 140 second(s) with 500 milliseconds interval)&#10;Build info: version: '4.13.0', revision: 'ba948ece5b*'&#10;System info: os.name: 'Mac OS X', os.arch: 'aarch64', os.version: '15.7.1', java.version: '23.0.1'&#10;Driver info: io.appium.java_client.android.AndroidDriver&#10;Capabilities {appium:app: /Users/ftheofil/Documents/e..., appium:appActivity: eu.europa.ec.assemblylogic...., appium:appPackage: eu.europa.ec.euidi, appium:autoGrantPermissions: true, appium:automationName: UiAutomator2, appium:databaseEnabled: false, appium:desired: {app: /Users/ftheofil/Documents/e..., appActivity: eu.europa.ec.assemblylogic...., appPackage: eu.europa.ec.euidi, autoGrantPermissions: true, automationName: UiAutomator2, deviceName: POCO X5 Pro, disableWindowAnimation: true, enableLogcatLogging: true, fullReset: false, ignoreUnimportantViews: false, newCommandTimeout: 120, noReset: false, platformName: ANDROID, platformVersion: 14.0, skipUnlock: true, udid: 58d5b98, waitForIdleTimeout: 900}, appium:deviceApiLevel: 34, appium:deviceManufacturer: Xiaomi, appium:deviceModel: 22101320G, appium:deviceName: 58d5b98, appium:deviceScreenDensity: 440, appium:deviceScreenSize: 1080x2400, appium:deviceUDID: 58d5b98, appium:disableWindowAnimation: true, appium:enableLogcatLogging: true, appium:fullReset: false, appium:ignoreUnimportantViews: false, appium:javascriptEnabled: true, appium:locationContextEnabled: false, appium:networkConnectionEnabled: true, appium:newCommandTimeout: 120, appium:noReset: false, appium:pixelRatio: 2.75, appium:platformVersion: 14, appium:skipUnlock: true, appium:statBarHeight: 94, appium:takesScreenshot: true, appium:udid: 58d5b98, appium:viewportRect: {height: 2082, left: 0, top: 94, width: 1080}, appium:waitForIdleTimeout: 900, appium:warnings: {}, appium:webStorageEnabled: false, platformName: ANDROID}&#10;Session ID: 4f4a1aee-45f7-457c-9d47-39a7645eded8&#10;Build info: version: '4.13.0', revision: 'ba948ece5b*'&#10;System info: os.name: 'Mac OS X', os.arch: 'aarch64', os.version: '15.7.1', java.version: '23.0.1'&#10;Driver info: driver.version: unknown" type="org.openqa.selenium.TimeoutException">Expected condition failed: waiting for visibility of element located by By.xpath: //android.widget.TextView[@text="eu.europa.ec.eudi.pid.1"] (tried for 140 second(s) with 500 milliseconds interval)
Build info: version: '4.13.0', revision: 'ba948ece5b*'
System info: os.name: 'Mac OS X', os.arch: 'aarch64', os.version: '15.7.1', java.version: '23.0.1'
Driver info: io.appium.java_client.android.AndroidDriver
Capabilities {appium:app: /Users/ftheofil/Documents/e..., appium:appActivity: eu.europa.ec.assemblylogic...., appium:appPackage: eu.europa.ec.euidi, appium:autoGrantPermissions: true, appium:automationName: UiAutomator2, appium:databaseEnabled: false, appium:desired: {app: /Users/ftheofil/Documents/e..., appActivity: eu.europa.ec.assemblylogic...., appPackage: eu.europa.ec.euidi, autoGrantPermissions: true, automationName: UiAutomator2, deviceName: POCO X5 Pro, disableWindowAnimation: true, enableLogcatLogging: true, fullReset: false, ignoreUnimportantViews: false, newCommandTimeout: 120, noReset: false, platformName: ANDROID, platformVersion: 14.0, skipUnlock: true, udid: 58d5b98, waitForIdleTimeout: 900}, appium:deviceApiLevel: 34, appium:deviceManufacturer: Xiaomi, appium:deviceModel: 22101320G, appium:deviceName: 58d5b98, appium:deviceScreenDensity: 440, appium:deviceScreenSize: 1080x2400, appium:deviceUDID: 58d5b98, appium:disableWindowAnimation: true, appium:enableLogcatLogging: true, appium:fullReset: false, appium:ignoreUnimportantViews: false, appium:javascriptEnabled: true, appium:locationContextEnabled: false, appium:networkConnectionEnabled: true, appium:newCommandTimeout: 120, appium:noReset: false, appium:pixelRatio: 2.75, appium:platformVersion: 14, appium:skipUnlock: true, appium:statBarHeight: 94, appium:takesScreenshot: true, appium:udid: 58d5b98, appium:viewportRect: {height: 2082, left: 0, top: 94, width: 1080}, appium:waitForIdleTimeout: 900, appium:warnings: {}, appium:webStorageEnabled: false, platformName: ANDROID}
Session ID: 4f4a1aee-45f7-457c-9d47-39a7645eded8
Build info: version: '4.13.0', revision: 'ba948ece5b*'
System info: os.name: 'Mac OS X', os.arch: 'aarch64', os.version: '15.7.1', java.version: '23.0.1'
Driver info: driver.version: unknown</error><system-err>Expected condition failed: waiting for visibility of element located by By.xpath: //android.widget.TextView[@text="eu.europa.ec.eudi.pid.1"] (tried for 140 second(s) with 500 milliseconds interval)
Build info: version: '4.13.0', revision: 'ba948ece5b*'
System info: os.name: 'Mac OS X', os.arch: 'aarch64', os.version: '15.7.1', java.version: '23.0.1'
Driver info: io.appium.java_client.android.AndroidDriver
Capabilities {appium:app: /Users/ftheofil/Documents/e..., appium:appActivity: eu.europa.ec.assemblylogic...., appium:appPackage: eu.europa.ec.euidi, appium:autoGrantPermissions: true, appium:automationName: UiAutomator2, appium:databaseEnabled: false, appium:desired: {app: /Users/ftheofil/Documents/e..., appActivity: eu.europa.ec.assemblylogic...., appPackage: eu.europa.ec.euidi, autoGrantPermissions: true, automationName: UiAutomator2, deviceName: POCO X5 Pro, disableWindowAnimation: true, enableLogcatLogging: true, fullReset: false, ignoreUnimportantViews: false, newCommandTimeout: 120, noReset: false, platformName: ANDROID, platformVersion: 14.0, skipUnlock: true, udid: 58d5b98, waitForIdleTimeout: 900}, appium:deviceApiLevel: 34, appium:deviceManufacturer: Xiaomi, appium:deviceModel: 22101320G, appium:deviceName: 58d5b98, appium:deviceScreenDensity: 440, appium:deviceScreenSize: 1080x2400, appium:deviceUDID: 58d5b98, appium:disableWindowAnimation: true, appium:enableLogcatLogging: true, appium:fullReset: false, appium:ignoreUnimportantViews: false, appium:javascriptEnabled: true, appium:locationContextEnabled: false, appium:networkConnectionEnabled: true, appium:newCommandTimeout: 120, appium:noReset: false, appium:pixelRatio: 2.75, appium:platformVersion: 14, appium:skipUnlock: true, appium:statBarHeight: 94, appium:takesScreenshot: true, appium:udid: 58d5b98, appium:viewportRect: {height: 2082, left: 0, top: 94, width: 1080}, appium:waitForIdleTimeout: 900, appium:warnings: {}, appium:webStorageEnabled: false, platformName: ANDROID}
Session ID: 4f4a1aee-45f7-457c-9d47-39a7645eded8
Build info: version: '4.13.0', revision: 'ba948ece5b*'
System info: os.name: 'Mac OS X', os.arch: 'aarch64', os.version: '15.7.1', java.version: '23.0.1'
Driver info: driver.version: unknown
eu.europa.eudi.pages.Verifier.walletResponded(Verifier.java:353)
eu.europa.eudi.stepdefs.GeneralStepDefs.theUserGetsRedirectedToVerifierAndViewsTheRespond(GeneralStepDefs.java:1330)
✽.the user gets redirected to verifier and views the respond(file:///Users/ftheofil/Documents/eudi-doc-testing-application-internal/src/test/resources/features/android/regressionTests/selectiveDisclosure.feature:34)
</system-err></testcase><testcase name="View Requested Data from Verifier"/><testcase name="Unselect Some Data"/><testcase name="Initiate Sharing Process"/><testcase name="Expand Verification Section"/><testcase name="Completion of Process"/></testsuite>