<?xml version="1.0" encoding="UTF-8" standalone="no"?><testsuite errors="2" failures="0" name="Credential issuance process for the same device" skipped="0" tests="8" time="751.03" timestamp="2025-10-14 10:24:52"><testcase name="User selects to issue a credential"/><testcase name="User proceeds with the credential issuance"><error message="Expected condition failed: waiting for visibility of element located by By.xpath: //android.widget.TextView[@text=&quot;You have successfully added the following to your wallet&quot;] (tried for 140 second(s) with 500 milliseconds interval)&#10;Build info: version: '4.13.0', revision: 'ba948ece5b*'&#10;System info: os.name: 'Mac OS X', os.arch: 'aarch64', os.version: '15.7.1', java.version: '23.0.1'&#10;Driver info: io.appium.java_client.android.AndroidDriver&#10;Capabilities {appium:app: /Users/ftheofil/Documents/e..., appium:appActivity: eu.europa.ec.assemblylogic...., appium:appPackage: eu.europa.ec.euidi, appium:autoGrantPermissions: true, appium:automationName: UiAutomator2, appium:databaseEnabled: false, appium:desired: {app: /Users/ftheofil/Documents/e..., appActivity: eu.europa.ec.assemblylogic...., appPackage: eu.europa.ec.euidi, autoGrantPermissions: true, automationName: UiAutomator2, deviceName: POCO X5 Pro, disableWindowAnimation: true, enableLogcatLogging: true, fullReset: false, ignoreUnimportantViews: false, newCommandTimeout: 120, noReset: false, platformName: ANDROID, platformVersion: 14.0, skipUnlock: true, udid: 58d5b98, waitForIdleTimeout: 900}, appium:deviceApiLevel: 34, appium:deviceManufacturer: Xiaomi, appium:deviceModel: 22101320G, appium:deviceName: 58d5b98, appium:deviceScreenDensity: 440, appium:deviceScreenSize: 1080x2400, appium:deviceUDID: 58d5b98, appium:disableWindowAnimation: true, appium:enableLogcatLogging: true, appium:fullReset: false, appium:ignoreUnimportantViews: false, appium:javascriptEnabled: true, appium:locationContextEnabled: false, appium:networkConnectionEnabled: true, appium:newCommandTimeout: 120, appium:noReset: false, appium:pixelRatio: 2.75, appium:platformVersion: 14, appium:skipUnlock: true, appium:statBarHeight: 94, appium:takesScreenshot: true, appium:udid: 58d5b98, appium:viewportRect: {height: 2082, left: 0, top: 94, width: 1080}, appium:waitForIdleTimeout: 900, appium:warnings: {}, appium:webStorageEnabled: false, platformName: ANDROID}&#10;Session ID: 55a2a0c1-8452-41fe-956d-abb39ffeb4c6" type="org.openqa.selenium.TimeoutException">Expected condition failed: waiting for visibility of element located by By.xpath: //android.widget.TextView[@text="You have successfully added the following to your wallet"] (tried for 140 second(s) with 500 milliseconds interval)
Build info: version: '4.13.0', revision: 'ba948ece5b*'
System info: os.name: 'Mac OS X', os.arch: 'aarch64', os.version: '15.7.1', java.version: '23.0.1'
Driver info: io.appium.java_client.android.AndroidDriver
Capabilities {appium:app: /Users/ftheofil/Documents/e..., appium:appActivity: eu.europa.ec.assemblylogic...., appium:appPackage: eu.europa.ec.euidi, appium:autoGrantPermissions: true, appium:automationName: UiAutomator2, appium:databaseEnabled: false, appium:desired: {app: /Users/ftheofil/Documents/e..., appActivity: eu.europa.ec.assemblylogic...., appPackage: eu.europa.ec.euidi, autoGrantPermissions: true, automationName: UiAutomator2, deviceName: POCO X5 Pro, disableWindowAnimation: true, enableLogcatLogging: true, fullReset: false, ignoreUnimportantViews: false, newCommandTimeout: 120, noReset: false, platformName: ANDROID, platformVersion: 14.0, skipUnlock: true, udid: 58d5b98, waitForIdleTimeout: 900}, appium:deviceApiLevel: 34, appium:deviceManufacturer: Xiaomi, appium:deviceModel: 22101320G, appium:deviceName: 58d5b98, appium:deviceScreenDensity: 440, appium:deviceScreenSize: 1080x2400, appium:deviceUDID: 58d5b98, appium:disableWindowAnimation: true, appium:enableLogcatLogging: true, appium:fullReset: false, appium:ignoreUnimportantViews: false, appium:javascriptEnabled: true, appium:locationContextEnabled: false, appium:networkConnectionEnabled: true, appium:newCommandTimeout: 120, appium:noReset: false, appium:pixelRatio: 2.75, appium:platformVersion: 14, appium:skipUnlock: true, appium:statBarHeight: 94, appium:takesScreenshot: true, appium:udid: 58d5b98, appium:viewportRect: {height: 2082, left: 0, top: 94, width: 1080}, appium:waitForIdleTimeout: 900, appium:warnings: {}, appium:webStorageEnabled: false, platformName: ANDROID}
Session ID: 55a2a0c1-8452-41fe-956d-abb39ffeb4c6</error><system-err>Expected condition failed: waiting for visibility of element located by By.xpath: //android.widget.TextView[@text="You have successfully added the following to your wallet"] (tried for 140 second(s) with 500 milliseconds interval)
Build info: version: '4.13.0', revision: 'ba948ece5b*'
System info: os.name: 'Mac OS X', os.arch: 'aarch64', os.version: '15.7.1', java.version: '23.0.1'
Driver info: io.appium.java_client.android.AndroidDriver
Capabilities {appium:app: /Users/ftheofil/Documents/e..., appium:appActivity: eu.europa.ec.assemblylogic...., appium:appPackage: eu.europa.ec.euidi, appium:autoGrantPermissions: true, appium:automationName: UiAutomator2, appium:databaseEnabled: false, appium:desired: {app: /Users/ftheofil/Documents/e..., appActivity: eu.europa.ec.assemblylogic...., appPackage: eu.europa.ec.euidi, autoGrantPermissions: true, automationName: UiAutomator2, deviceName: POCO X5 Pro, disableWindowAnimation: true, enableLogcatLogging: true, fullReset: false, ignoreUnimportantViews: false, newCommandTimeout: 120, noReset: false, platformName: ANDROID, platformVersion: 14.0, skipUnlock: true, udid: 58d5b98, waitForIdleTimeout: 900}, appium:deviceApiLevel: 34, appium:deviceManufacturer: Xiaomi, appium:deviceModel: 22101320G, appium:deviceName: 58d5b98, appium:deviceScreenDensity: 440, appium:deviceScreenSize: 1080x2400, appium:deviceUDID: 58d5b98, appium:disableWindowAnimation: true, appium:enableLogcatLogging: true, appium:fullReset: false, appium:ignoreUnimportantViews: false, appium:javascriptEnabled: true, appium:locationContextEnabled: false, appium:networkConnectionEnabled: true, appium:newCommandTimeout: 120, appium:noReset: false, appium:pixelRatio: 2.75, appium:platformVersion: 14, appium:skipUnlock: true, appium:statBarHeight: 94, appium:takesScreenshot: true, appium:udid: 58d5b98, appium:viewportRect: {height: 2082, left: 0, top: 94, width: 1080}, appium:waitForIdleTimeout: 900, appium:warnings: {}, appium:webStorageEnabled: false, platformName: ANDROID}
Session ID: 55a2a0c1-8452-41fe-956d-abb39ffeb4c6
eu.europa.eudi.pages.Issuer.successfullySharedMessage(Issuer.java:544)
eu.europa.eudi.stepdefs.GeneralStepDefs.setup(GeneralStepDefs.java:65)
</system-err></testcase><testcase name="User authenticates and consents to the issuance"/><testcase name="User views the issued credential in the EUDI Wallet"/><testcase name="User selects to issue a credential"><error message="Expected condition failed: waiting for visibility of element located by By.xpath: //XCUIElementTypeStaticText[@name=&quot;You successfully shared the following information with&quot;] (tried for 80 second(s) with 500 milliseconds interval)&#10;Build info: version: '4.13.0', revision: 'ba948ece5b*'&#10;System info: os.name: 'Mac OS X', os.arch: 'aarch64', os.version: '15.7.1', java.version: '23.0.1'&#10;Driver info: io.appium.java_client.ios.IOSDriver&#10;Capabilities {appium:app: /Users/ftheofil/Documents/e..., appium:autoAcceptAlerts: true, appium:autoDismissAlerts: true, appium:automationName: XCUITest, appium:bundleId: eu.europa.ec.euidi, appium:connectHardwareKeyboard: false, appium:databaseEnabled: false, appium:deviceName: iPhone 14 Plus, appium:fullReset: false, appium:includeNonModalElements: true, appium:javascriptEnabled: true, appium:locationContextEnabled: false, appium:networkConnectionEnabled: false, appium:newCommandTimeout: 180, appium:noReset: false, appium:platformVersion: 18.0, appium:takesScreenshot: true, appium:udid: 00008110-000470843429401E, appium:usePrebuiltWDA: true, appium:waitForIdleTimeout: 100, appium:webStorageEnabled: false, platformName: IOS}&#10;Session ID: 41a0adba-7b06-4759-b32e-e46163ddd1b6" type="org.openqa.selenium.TimeoutException">Expected condition failed: waiting for visibility of element located by By.xpath: //XCUIElementTypeStaticText[@name="You successfully shared the following information with"] (tried for 80 second(s) with 500 milliseconds interval)
Build info: version: '4.13.0', revision: 'ba948ece5b*'
System info: os.name: 'Mac OS X', os.arch: 'aarch64', os.version: '15.7.1', java.version: '23.0.1'
Driver info: io.appium.java_client.ios.IOSDriver
Capabilities {appium:app: /Users/ftheofil/Documents/e..., appium:autoAcceptAlerts: true, appium:autoDismissAlerts: true, appium:automationName: XCUITest, appium:bundleId: eu.europa.ec.euidi, appium:connectHardwareKeyboard: false, appium:databaseEnabled: false, appium:deviceName: iPhone 14 Plus, appium:fullReset: false, appium:includeNonModalElements: true, appium:javascriptEnabled: true, appium:locationContextEnabled: false, appium:networkConnectionEnabled: false, appium:newCommandTimeout: 180, appium:noReset: false, appium:platformVersion: 18.0, appium:takesScreenshot: true, appium:udid: 00008110-000470843429401E, appium:usePrebuiltWDA: true, appium:waitForIdleTimeout: 100, appium:webStorageEnabled: false, platformName: IOS}
Session ID: 41a0adba-7b06-4759-b32e-e46163ddd1b6</error><system-err>Expected condition failed: waiting for visibility of element located by By.xpath: //XCUIElementTypeStaticText[@name="You successfully shared the following information with"] (tried for 80 second(s) with 500 milliseconds interval)
Build info: version: '4.13.0', revision: 'ba948ece5b*'
System info: os.name: 'Mac OS X', os.arch: 'aarch64', os.version: '15.7.1', java.version: '23.0.1'
Driver info: io.appium.java_client.ios.IOSDriver
Capabilities {appium:app: /Users/ftheofil/Documents/e..., appium:autoAcceptAlerts: true, appium:autoDismissAlerts: true, appium:automationName: XCUITest, appium:bundleId: eu.europa.ec.euidi, appium:connectHardwareKeyboard: false, appium:databaseEnabled: false, appium:deviceName: iPhone 14 Plus, appium:fullReset: false, appium:includeNonModalElements: true, appium:javascriptEnabled: true, appium:locationContextEnabled: false, appium:networkConnectionEnabled: false, appium:newCommandTimeout: 180, appium:noReset: false, appium:platformVersion: 18.0, appium:takesScreenshot: true, appium:udid: 00008110-000470843429401E, appium:usePrebuiltWDA: true, appium:waitForIdleTimeout: 100, appium:webStorageEnabled: false, platformName: IOS}
Session ID: 41a0adba-7b06-4759-b32e-e46163ddd1b6
eu.europa.eudi.pages.Issuer.successfullySharedMessage(Issuer.java:547)
eu.europa.eudi.stepdefs.GeneralStepDefs.setup(GeneralStepDefs.java:65)
</system-err></testcase><testcase name="User proceeds with the credential issuance"/><testcase name="User authenticates and consents to the issuance"/><testcase name="User views the issued credential in the EUDI Wallet"/></testsuite>