<?xml version="1.0" encoding="UTF-8" standalone="no"?><testsuite errors="0" failures="0" name="Select Document to be Signed" skipped="0" tests="8" time="66.03" timestamp="2025-10-14 10:22:53"><testcase name="Display list of documents for signing"/><testcase name="Select a document from the list"/><testcase name="View the selected document details"/><testcase name="View the document's content"/><testcase name="Display list of documents for signing"/><testcase name="Select a document from the list"/><testcase name="View the selected document details"/><testcase name="View the document's content"/></testsuite>