<?xml version="1.0" encoding="UTF-8" standalone="no"?><testsuite errors="0" failures="0" name="Signing a document with EUDI Wallet" skipped="4" tests="18" time="147.41" timestamp="2025-10-14 10:23:30"><testcase name="Single Credential ID Available"/><testcase name="Multiple Credential IDs available"><skipped/></testcase><testcase name="No Credential IDs enrolled for user in QTSP"><skipped/></testcase><testcase name="QTSP redirects user to attestation request"/><testcase name="No matching attestations available"/><testcase name="User consents to release attestation"/><testcase name="User authentication fails"/><testcase name="User cancels attestation release"/><testcase name="QTSP signs the document successfully"/><testcase name="Single Credential ID Available"/><testcase name="Multiple Credential IDs available"><skipped/></testcase><testcase name="No Credential IDs enrolled for user in QTSP"><skipped/></testcase><testcase name="QTSP redirects user to attestation request"/><testcase name="No matching attestations available"/><testcase name="User consents to release attestation"/><testcase name="User authentication fails"/><testcase name="User cancels attestation release"/><testcase name="QTSP signs the document successfully"/></testsuite>