<?xml version="1.0" encoding="UTF-8" standalone="no"?><testsuite errors="1" failures="0" name="Request/Issue mDL" skipped="0" tests="8" time="693.02" timestamp="2025-10-14 10:52:46"><testcase name="Log in successfully"/><testcase name="Select document for issuance"/><testcase name="Country and credential provider selection"/><testcase name="Register personal data and view driving license"/><testcase name="Log in successfully"/><testcase name="Select document for issuance"/><testcase name="Country and credential provider selection"><error message="Expected condition failed: waiting for visibility of element located by By.xpath: //XCUIElementTypeStaticText[@name=&quot;You successfully shared the following information with&quot;] (tried for 80 second(s) with 500 milliseconds interval)&#10;Build info: version: '4.13.0', revision: 'ba948ece5b*'&#10;System info: os.name: 'Mac OS X', os.arch: 'aarch64', os.version: '15.7.1', java.version: '23.0.1'&#10;Driver info: io.appium.java_client.ios.IOSDriver&#10;Capabilities {appium:app: /Users/ftheofil/Documents/e..., appium:autoAcceptAlerts: true, appium:autoDismissAlerts: true, appium:automationName: XCUITest, appium:bundleId: eu.europa.ec.euidi, appium:connectHardwareKeyboard: false, appium:databaseEnabled: false, appium:deviceName: iPhone 14 Plus, appium:fullReset: false, appium:includeNonModalElements: true, appium:javascriptEnabled: true, appium:locationContextEnabled: false, appium:networkConnectionEnabled: false, appium:newCommandTimeout: 180, appium:noReset: false, appium:platformVersion: 18.0, appium:takesScreenshot: true, appium:udid: 00008110-000470843429401E, appium:usePrebuiltWDA: true, appium:waitForIdleTimeout: 100, appium:webStorageEnabled: false, platformName: IOS}&#10;Session ID: 4fef1520-e8ac-4993-82f2-538eb79768f6" type="org.openqa.selenium.TimeoutException">Expected condition failed: waiting for visibility of element located by By.xpath: //XCUIElementTypeStaticText[@name="You successfully shared the following information with"] (tried for 80 second(s) with 500 milliseconds interval)
Build info: version: '4.13.0', revision: 'ba948ece5b*'
System info: os.name: 'Mac OS X', os.arch: 'aarch64', os.version: '15.7.1', java.version: '23.0.1'
Driver info: io.appium.java_client.ios.IOSDriver
Capabilities {appium:app: /Users/ftheofil/Documents/e..., appium:autoAcceptAlerts: true, appium:autoDismissAlerts: true, appium:automationName: XCUITest, appium:bundleId: eu.europa.ec.euidi, appium:connectHardwareKeyboard: false, appium:databaseEnabled: false, appium:deviceName: iPhone 14 Plus, appium:fullReset: false, appium:includeNonModalElements: true, appium:javascriptEnabled: true, appium:locationContextEnabled: false, appium:networkConnectionEnabled: false, appium:newCommandTimeout: 180, appium:noReset: false, appium:platformVersion: 18.0, appium:takesScreenshot: true, appium:udid: 00008110-000470843429401E, appium:usePrebuiltWDA: true, appium:waitForIdleTimeout: 100, appium:webStorageEnabled: false, platformName: IOS}
Session ID: 4fef1520-e8ac-4993-82f2-538eb79768f6</error><system-err>Expected condition failed: waiting for visibility of element located by By.xpath: //XCUIElementTypeStaticText[@name="You successfully shared the following information with"] (tried for 80 second(s) with 500 milliseconds interval)
Build info: version: '4.13.0', revision: 'ba948ece5b*'
System info: os.name: 'Mac OS X', os.arch: 'aarch64', os.version: '15.7.1', java.version: '23.0.1'
Driver info: io.appium.java_client.ios.IOSDriver
Capabilities {appium:app: /Users/ftheofil/Documents/e..., appium:autoAcceptAlerts: true, appium:autoDismissAlerts: true, appium:automationName: XCUITest, appium:bundleId: eu.europa.ec.euidi, appium:connectHardwareKeyboard: false, appium:databaseEnabled: false, appium:deviceName: iPhone 14 Plus, appium:fullReset: false, appium:includeNonModalElements: true, appium:javascriptEnabled: true, appium:locationContextEnabled: false, appium:networkConnectionEnabled: false, appium:newCommandTimeout: 180, appium:noReset: false, appium:platformVersion: 18.0, appium:takesScreenshot: true, appium:udid: 00008110-000470843429401E, appium:usePrebuiltWDA: true, appium:waitForIdleTimeout: 100, appium:webStorageEnabled: false, platformName: IOS}
Session ID: 4fef1520-e8ac-4993-82f2-538eb79768f6
eu.europa.eudi.pages.Issuer.successfullySharedMessage(Issuer.java:547)
eu.europa.eudi.stepdefs.GeneralStepDefs.setup(GeneralStepDefs.java:65)
</system-err></testcase><testcase name="Register personal data and view driving license"/></testsuite>